#
# There is insufficient memory for the Java Runtime Environment to continue.
# Native memory allocation (mmap) failed to map 12582912 bytes for G1 virtual space
# Possible reasons:
#   The system is out of physical RAM or swap space
#   The process is running with CompressedOops enabled, and the Java Heap may be blocking the growth of the native heap
# Possible solutions:
#   Reduce memory load on the system
#   Increase physical memory or swap space
#   Check if swap backing store is full
#   Decrease Java heap size (-Xmx/-Xms)
#   Decrease number of Java threads
#   Decrease Java thread stack sizes (-Xss)
#   Set larger code cache with -XX:ReservedCodeCacheSize=
#   JVM is running with Unscaled Compressed Oops mode in which the Java heap is
#     placed in the first 4GB address space. The Java Heap base address is the
#     maximum limit for the native heap growth. Please use -XX:HeapBaseMinAddress
#     to set the Java Heap base and to place the Java Heap above 4GB virtual address.
# This output file may be truncated or incomplete.
#
#  Out of Memory Error (os_windows.cpp:3600), pid=9028, tid=2180
#
# JRE version: OpenJDK Runtime Environment (21.0.1+12) (build 21.0.1+12-29)
# Java VM: OpenJDK 64-Bit Server VM (21.0.1+12-29, mixed mode, emulated-client, sharing, tiered, compressed oops, compressed class ptrs, g1 gc, windows-amd64)
# No core dump will be written. Minidumps are not enabled by default on client versions of Windows
#

---------------  S U M M A R Y ------------

Command Line: -XX:TieredStopAtLevel=1 -Dspring.output.ansi.enabled=always -Dcom.sun.management.jmxremote -Dspring.jmx.enabled=true -Dspring.liveBeansView.mbeanDomain -Dspring.application.admin.enabled=true -Dmanagement.endpoints.jmx.exposure.include=* -javaagent:D:\Downloads\IntelliJ IDEA 2023.2.2\lib\idea_rt.jar=51262:D:\Downloads\IntelliJ IDEA 2023.2.2\bin -Dfile.encoding=UTF-8 -Dsun.stdout.encoding=UTF-8 -Dsun.stderr.encoding=UTF-8 com.quizminds.QuizMinds.QuizMindsApplication

Host: Intel(R) Core(TM) i5-8300H CPU @ 2.30GHz, 8 cores, 7G,  Windows 11 , 64 bit Build 22621 (10.0.22621.2428)
Time: Wed Nov 22 14:04:54 2023 Morocco Daylight Time elapsed time: 5.820802 seconds (0d 0h 0m 5s)

---------------  T H R E A D  ---------------

Current thread (0x0000026f78306280):  VMThread "VM Thread"          [id=2180, stack(0x000000cf69e00000,0x000000cf69f00000) (1024K)]

Stack: [0x000000cf69e00000,0x000000cf69f00000]
Native frames: (J=compiled Java code, j=interpreted, Vv=VM code, C=native code)
V  [jvm.dll+0x6c9029]
V  [jvm.dll+0x854b81]
V  [jvm.dll+0x856e5e]
V  [jvm.dll+0x857543]
V  [jvm.dll+0x280c06]
V  [jvm.dll+0x6c5715]
V  [jvm.dll+0x6ba10a]
V  [jvm.dll+0x3557ea]
V  [jvm.dll+0x35d436]
V  [jvm.dll+0x3ae1be]
V  [jvm.dll+0x3ae468]
V  [jvm.dll+0x3291fc]
V  [jvm.dll+0x329287]
V  [jvm.dll+0x36db3c]
V  [jvm.dll+0x36c33d]
V  [jvm.dll+0x328971]
V  [jvm.dll+0x36ba4a]
V  [jvm.dll+0x85d048]
V  [jvm.dll+0x85e144]
V  [jvm.dll+0x85e680]
V  [jvm.dll+0x85e923]
V  [jvm.dll+0x7fd728]
V  [jvm.dll+0x6c777d]
C  [ucrtbase.dll+0x29363]
C  [KERNEL32.DLL+0x1257d]
C  [ntdll.dll+0x5aa78]

VM_Operation (0x000000cf6b8fbd90): G1CollectForAllocation, mode: safepoint, requested by thread 0x0000026f7d7993e0


---------------  P R O C E S S  ---------------

Threads class SMR info:
_java_thread_list=0x0000026f7f16efe0, length=25, elements={
0x0000026f65aab730, 0x0000026f78325fa0, 0x0000026f78327070, 0x0000026f78328600,
0x0000026f78330480, 0x0000026f7832d850, 0x0000026f7832e460, 0x0000026f78330fd0,
0x0000026f782edea0, 0x0000026f78529fc0, 0x0000026f7852d690, 0x0000026f7d154320,
0x0000026f7d158490, 0x0000026f7d2ae900, 0x0000026f7d31c350, 0x0000026f7d6fea30,
0x0000026f7d775e70, 0x0000026f7d794d60, 0x0000026f7d7993e0, 0x0000026f7dd2c7f0,
0x0000026f7dd2f5e0, 0x0000026f7dd2d510, 0x0000026f7dd2fc70, 0x0000026f7dd2dba0,
0x0000026f7dd2e230
}

Java Threads: ( => current thread )
  0x0000026f65aab730 JavaThread "main"                              [_thread_blocked, id=26688, stack(0x000000cf69700000,0x000000cf69800000) (1024K)]
  0x0000026f78325fa0 JavaThread "Reference Handler"          daemon [_thread_blocked, id=27616, stack(0x000000cf69f00000,0x000000cf6a000000) (1024K)]
  0x0000026f78327070 JavaThread "Finalizer"                  daemon [_thread_blocked, id=21612, stack(0x000000cf6a000000,0x000000cf6a100000) (1024K)]
  0x0000026f78328600 JavaThread "Signal Dispatcher"          daemon [_thread_blocked, id=4484, stack(0x000000cf6a100000,0x000000cf6a200000) (1024K)]
  0x0000026f78330480 JavaThread "Attach Listener"            daemon [_thread_blocked, id=16164, stack(0x000000cf6a200000,0x000000cf6a300000) (1024K)]
  0x0000026f7832d850 JavaThread "Service Thread"             daemon [_thread_blocked, id=9676, stack(0x000000cf6a300000,0x000000cf6a400000) (1024K)]
  0x0000026f7832e460 JavaThread "Monitor Deflation Thread"   daemon [_thread_blocked, id=17412, stack(0x000000cf6a400000,0x000000cf6a500000) (1024K)]
  0x0000026f78330fd0 JavaThread "C1 CompilerThread0"         daemon [_thread_blocked, id=26168, stack(0x000000cf6a500000,0x000000cf6a600000) (1024K)]
  0x0000026f782edea0 JavaThread "Common-Cleaner"             daemon [_thread_blocked, id=24840, stack(0x000000cf6a600000,0x000000cf6a700000) (1024K)]
  0x0000026f78529fc0 JavaThread "C1 CompilerThread1"         daemon [_thread_blocked, id=11516, stack(0x000000cf6a700000,0x000000cf6a800000) (1024K)]
  0x0000026f7852d690 JavaThread "C1 CompilerThread2"         daemon [_thread_blocked, id=23976, stack(0x000000cf6a800000,0x000000cf6a900000) (1024K)]
  0x0000026f7d154320 JavaThread "Monitor Ctrl-Break"         daemon [_thread_in_native, id=20124, stack(0x000000cf6a900000,0x000000cf6aa00000) (1024K)]
  0x0000026f7d158490 JavaThread "Notification Thread"        daemon [_thread_blocked, id=2828, stack(0x000000cf6aa00000,0x000000cf6ab00000) (1024K)]
  0x0000026f7d2ae900 JavaThread "C1 CompilerThread3"         daemon [_thread_blocked, id=9932, stack(0x000000cf6ab00000,0x000000cf6ac00000) (1024K)]
  0x0000026f7d31c350 JavaThread "RMI TCP Accept-0"           daemon [_thread_in_native, id=13836, stack(0x000000cf6ac00000,0x000000cf6ad00000) (1024K)]
  0x0000026f7d6fea30 JavaThread "RMI TCP Connection(1)-172.20.160.1" daemon [_thread_in_native, id=22536, stack(0x000000cf6b400000,0x000000cf6b500000) (1024K)]
  0x0000026f7d775e70 JavaThread "RMI Scheduler(0)"           daemon [_thread_blocked, id=14164, stack(0x000000cf6b500000,0x000000cf6b600000) (1024K)]
  0x0000026f7d794d60 JavaThread "Thread-0"                          [_thread_blocked, id=1912, stack(0x000000cf6b700000,0x000000cf6b800000) (1024K)]
  0x0000026f7d7993e0 JavaThread "restartedMain"                     [_thread_blocked, id=18728, stack(0x000000cf6b800000,0x000000cf6b900000) (1024K)]
  0x0000026f7dd2c7f0 JavaThread "Catalina-utility-1"                [_thread_blocked, id=9616, stack(0x000000cf6b600000,0x000000cf6b700000) (1024K)]
  0x0000026f7dd2f5e0 JavaThread "Catalina-utility-2"                [_thread_blocked, id=7252, stack(0x000000cf6ba00000,0x000000cf6bb00000) (1024K)]
  0x0000026f7dd2d510 JavaThread "container-0"                       [_thread_blocked, id=26884, stack(0x000000cf6bb00000,0x000000cf6bc00000) (1024K)]
  0x0000026f7dd2fc70 JavaThread "PostgreSQL-JDBC-Cleaner"    daemon [_thread_blocked, id=23520, stack(0x000000cf6bd00000,0x000000cf6be00000) (1024K)]
  0x0000026f7dd2dba0 JavaThread "HikariPool-1 housekeeper"   daemon [_thread_blocked, id=27488, stack(0x000000cf6be00000,0x000000cf6bf00000) (1024K)]
  0x0000026f7dd2e230 JavaThread "HikariPool-1 connection adder" daemon [_thread_blocked, id=8060, stack(0x000000cf6bf00000,0x000000cf6c000000) (1024K)]
Total: 25

Other Threads:
=>0x0000026f78306280 VMThread "VM Thread"                           [id=2180, stack(0x000000cf69e00000,0x000000cf69f00000) (1024K)]
  0x0000026f782ec050 WatcherThread "VM Periodic Task Thread"        [id=7996, stack(0x000000cf69d00000,0x000000cf69e00000) (1024K)]
  0x0000026f67ca8270 WorkerThread "GC Thread#0"                     [id=15992, stack(0x000000cf69800000,0x000000cf69900000) (1024K)]
  0x0000026f7d6b2200 WorkerThread "GC Thread#1"                     [id=20456, stack(0x000000cf6ad00000,0x000000cf6ae00000) (1024K)]
  0x0000026f7d6c28d0 WorkerThread "GC Thread#2"                     [id=24200, stack(0x000000cf6ae00000,0x000000cf6af00000) (1024K)]
  0x0000026f7d6dc8f0 WorkerThread "GC Thread#3"                     [id=14856, stack(0x000000cf6af00000,0x000000cf6b000000) (1024K)]
  0x0000026f7d6dcc90 WorkerThread "GC Thread#4"                     [id=22532, stack(0x000000cf6b000000,0x000000cf6b100000) (1024K)]
  0x0000026f7d6dd030 WorkerThread "GC Thread#5"                     [id=11168, stack(0x000000cf6b100000,0x000000cf6b200000) (1024K)]
  0x0000026f7d6dd3d0 WorkerThread "GC Thread#6"                     [id=24444, stack(0x000000cf6b200000,0x000000cf6b300000) (1024K)]
  0x0000026f7d6ddb80 WorkerThread "GC Thread#7"                     [id=12548, stack(0x000000cf6b300000,0x000000cf6b400000) (1024K)]
  0x0000026f67cb8f40 ConcurrentGCThread "G1 Main Marker"            [id=19892, stack(0x000000cf69900000,0x000000cf69a00000) (1024K)]
  0x0000026f67cb9a40 WorkerThread "G1 Conc#0"                       [id=24232, stack(0x000000cf69a00000,0x000000cf69b00000) (1024K)]
  0x0000026f7d9759a0 WorkerThread "G1 Conc#1"                       [id=9436, stack(0x000000cf6b900000,0x000000cf6ba00000) (1024K)]
  0x0000026f67d0e9a0 ConcurrentGCThread "G1 Refine#0"               [id=23644, stack(0x000000cf69b00000,0x000000cf69c00000) (1024K)]
  0x0000026f781bf6a0 ConcurrentGCThread "G1 Service"                [id=16812, stack(0x000000cf69c00000,0x000000cf69d00000) (1024K)]
Total: 15

Threads with active compile tasks:
Total: 0

VM state: at safepoint (normal execution)

VM Mutex/Monitor currently owned by a thread:  ([mutex/lock_event])
[0x00007ffd1836a5f8] Threads_lock - owner thread: 0x0000026f78306280
[0x00007ffd1836a6f8] Heap_lock - owner thread: 0x0000026f7d7993e0

Heap address: 0x0000000082600000, size: 2010 MB, Compressed Oops mode: 32-bit

CDS archive(s) mapped at: [0x0000026f00000000-0x0000026f00c90000-0x0000026f00c90000), size 13172736, SharedBaseAddress: 0x0000026f00000000, ArchiveRelocationMode: 1.
Compressed class space mapped at: 0x0000026f01000000-0x0000026f41000000, reserved size: 1073741824
Narrow klass base: 0x0000026f00000000, Narrow klass shift: 0, Narrow klass range: 0x100000000

GC Precious Log:
 CardTable entry size: 512
 Card Set container configuration: InlinePtr #cards 5 size 8 Array Of Cards #cards 12 size 40 Howl #buckets 4 coarsen threshold 1843 Howl Bitmap #cards 512 size 80 coarsen threshold 460 Card regions per heap region 1 cards per card region 2048
 CPUs: 8 total, 8 available
 Memory: 8034M
 Large Page Support: Disabled
 NUMA Support: Disabled
 Compressed Oops: Enabled (32-bit)
 Heap Region Size: 1M
 Heap Min Capacity: 8M
 Heap Initial Capacity: 126M
 Heap Max Capacity: 2010M
 Pre-touch: Disabled
 Parallel Workers: 8
 Concurrent Workers: 2
 Concurrent Refinement Workers: 8
 Periodic GC: Disabled

Heap:
 garbage-first heap   total 58368K, used 26722K [0x0000000082600000, 0x0000000100000000)
  region size 1024K, 3 young (3072K), 3 survivors (3072K)
 Metaspace       used 53524K, committed 54208K, reserved 1114112K
  class space    used 7587K, committed 7936K, reserved 1048576K

Heap Regions: E=young(eden), S=young(survivor), O=old, HS=humongous(starts), HC=humongous(continues), CS=collection set, F=free, TAMS=top-at-mark-start, PB=parsable bottom
|   0|0x0000000082600000, 0x0000000082700000, 0x0000000082700000|100%|HS|  |TAMS 0x0000000082600000| PB 0x0000000082600000| Complete 
|   1|0x0000000082700000, 0x0000000082800000, 0x0000000082800000|100%| O|  |TAMS 0x0000000082700000| PB 0x0000000082700000| Untracked 
|   2|0x0000000082800000, 0x0000000082900000, 0x0000000082900000|100%| O|  |TAMS 0x0000000082800000| PB 0x0000000082800000| Untracked 
|   3|0x0000000082900000, 0x0000000082a00000, 0x0000000082a00000|100%| O|  |TAMS 0x0000000082900000| PB 0x0000000082900000| Untracked 
|   4|0x0000000082a00000, 0x0000000082b00000, 0x0000000082b00000|100%| O|  |TAMS 0x0000000082a00000| PB 0x0000000082a00000| Untracked 
|   5|0x0000000082b00000, 0x0000000082c00000, 0x0000000082c00000|100%| O|  |TAMS 0x0000000082b00000| PB 0x0000000082b00000| Untracked 
|   6|0x0000000082c00000, 0x0000000082d00000, 0x0000000082d00000|100%| O|  |TAMS 0x0000000082c00000| PB 0x0000000082c00000| Untracked 
|   7|0x0000000082d00000, 0x0000000082e00000, 0x0000000082e00000|100%| O|  |TAMS 0x0000000082d00000| PB 0x0000000082d00000| Untracked 
|   8|0x0000000082e00000, 0x0000000082f00000, 0x0000000082f00000|100%| O|  |TAMS 0x0000000082e00000| PB 0x0000000082e00000| Untracked 
|   9|0x0000000082f00000, 0x0000000083000000, 0x0000000083000000|100%| O|  |TAMS 0x0000000082f00000| PB 0x0000000082f00000| Untracked 
|  10|0x0000000083000000, 0x0000000083100000, 0x0000000083100000|100%| O|  |TAMS 0x0000000083000000| PB 0x0000000083000000| Untracked 
|  11|0x0000000083100000, 0x0000000083200000, 0x0000000083200000|100%| O|  |TAMS 0x0000000083100000| PB 0x0000000083100000| Untracked 
|  12|0x0000000083200000, 0x0000000083300000, 0x0000000083300000|100%| O|  |TAMS 0x0000000083200000| PB 0x0000000083200000| Untracked 
|  13|0x0000000083300000, 0x0000000083400000, 0x0000000083400000|100%| O|  |TAMS 0x0000000083300000| PB 0x0000000083300000| Untracked 
|  14|0x0000000083400000, 0x0000000083500000, 0x0000000083500000|100%| O|  |TAMS 0x0000000083400000| PB 0x0000000083400000| Untracked 
|  15|0x0000000083500000, 0x0000000083600000, 0x0000000083600000|100%| O|  |TAMS 0x0000000083500000| PB 0x0000000083500000| Untracked 
|  16|0x0000000083600000, 0x0000000083700000, 0x0000000083700000|100%| O|  |TAMS 0x0000000083600000| PB 0x0000000083600000| Untracked 
|  17|0x0000000083700000, 0x0000000083800000, 0x0000000083800000|100%| O|  |TAMS 0x0000000083700000| PB 0x0000000083700000| Untracked 
|  18|0x0000000083800000, 0x0000000083900000, 0x0000000083900000|100%| O|  |TAMS 0x0000000083800000| PB 0x0000000083800000| Untracked 
|  19|0x0000000083900000, 0x0000000083a00000, 0x0000000083a00000|100%| O|  |TAMS 0x0000000083900000| PB 0x0000000083900000| Untracked 
|  20|0x0000000083a00000, 0x0000000083b00000, 0x0000000083b00000|100%| O|  |TAMS 0x0000000083a00000| PB 0x0000000083a00000| Untracked 
|  21|0x0000000083b00000, 0x0000000083c00000, 0x0000000083c00000|100%| O|  |TAMS 0x0000000083b00000| PB 0x0000000083b00000| Untracked 
|  22|0x0000000083c00000, 0x0000000083d00000, 0x0000000083d00000|100%| O|  |TAMS 0x0000000083c00000| PB 0x0000000083c00000| Untracked 
|  23|0x0000000083d00000, 0x0000000083d9f580, 0x0000000083e00000| 62%| O|  |TAMS 0x0000000083d00000| PB 0x0000000083d00000| Untracked 
|  24|0x0000000083e00000, 0x0000000083e00000, 0x0000000083f00000|  0%| F|  |TAMS 0x0000000083e00000| PB 0x0000000083e00000| Untracked 
|  25|0x0000000083f00000, 0x0000000083f00000, 0x0000000084000000|  0%| F|  |TAMS 0x0000000083f00000| PB 0x0000000083f00000| Untracked 
|  26|0x0000000084000000, 0x0000000084000000, 0x0000000084100000|  0%| F|  |TAMS 0x0000000084000000| PB 0x0000000084000000| Untracked 
|  27|0x0000000084100000, 0x0000000084100000, 0x0000000084200000|  0%| F|  |TAMS 0x0000000084100000| PB 0x0000000084100000| Untracked 
|  28|0x0000000084200000, 0x00000000842794d8, 0x0000000084300000| 47%| S|CS|TAMS 0x0000000084200000| PB 0x0000000084200000| Complete 
|  29|0x0000000084300000, 0x0000000084300000, 0x0000000084400000|  0%| F|  |TAMS 0x0000000084300000| PB 0x0000000084300000| Untracked 
|  30|0x0000000084400000, 0x0000000084400000, 0x0000000084500000|  0%| F|  |TAMS 0x0000000084400000| PB 0x0000000084400000| Untracked 
|  31|0x0000000084500000, 0x0000000084600000, 0x0000000084600000|100%| S|CS|TAMS 0x0000000084500000| PB 0x0000000084500000| Complete 
|  32|0x0000000084600000, 0x0000000084600000, 0x0000000084700000|  0%| F|  |TAMS 0x0000000084600000| PB 0x0000000084600000| Untracked 
|  33|0x0000000084700000, 0x0000000084800000, 0x0000000084800000|100%| S|CS|TAMS 0x0000000084700000| PB 0x0000000084700000| Complete 
|  34|0x0000000084800000, 0x0000000084800000, 0x0000000084900000|  0%| F|  |TAMS 0x0000000084800000| PB 0x0000000084800000| Untracked 
|  35|0x0000000084900000, 0x0000000084900000, 0x0000000084a00000|  0%| F|  |TAMS 0x0000000084900000| PB 0x0000000084900000| Untracked 
|  36|0x0000000084a00000, 0x0000000084a00000, 0x0000000084b00000|  0%| F|  |TAMS 0x0000000084a00000| PB 0x0000000084a00000| Untracked 
|  37|0x0000000084b00000, 0x0000000084b00000, 0x0000000084c00000|  0%| F|  |TAMS 0x0000000084b00000| PB 0x0000000084b00000| Untracked 
|  38|0x0000000084c00000, 0x0000000084c00000, 0x0000000084d00000|  0%| F|  |TAMS 0x0000000084c00000| PB 0x0000000084c00000| Untracked 
|  39|0x0000000084d00000, 0x0000000084d00000, 0x0000000084e00000|  0%| F|  |TAMS 0x0000000084d00000| PB 0x0000000084d00000| Untracked 
|  40|0x0000000084e00000, 0x0000000084e00000, 0x0000000084f00000|  0%| F|  |TAMS 0x0000000084e00000| PB 0x0000000084e00000| Untracked 
|  41|0x0000000084f00000, 0x0000000084f00000, 0x0000000085000000|  0%| F|  |TAMS 0x0000000084f00000| PB 0x0000000084f00000| Untracked 
|  42|0x0000000085000000, 0x0000000085000000, 0x0000000085100000|  0%| F|  |TAMS 0x0000000085000000| PB 0x0000000085000000| Untracked 
|  43|0x0000000085100000, 0x0000000085100000, 0x0000000085200000|  0%| F|  |TAMS 0x0000000085100000| PB 0x0000000085100000| Untracked 
|  44|0x0000000085200000, 0x0000000085200000, 0x0000000085300000|  0%| F|  |TAMS 0x0000000085200000| PB 0x0000000085200000| Untracked 
|  45|0x0000000085300000, 0x0000000085300000, 0x0000000085400000|  0%| F|  |TAMS 0x0000000085300000| PB 0x0000000085300000| Untracked 
|  46|0x0000000085400000, 0x0000000085400000, 0x0000000085500000|  0%| F|  |TAMS 0x0000000085400000| PB 0x0000000085400000| Untracked 
|  47|0x0000000085500000, 0x0000000085500000, 0x0000000085600000|  0%| F|  |TAMS 0x0000000085500000| PB 0x0000000085500000| Untracked 
|  48|0x0000000085600000, 0x0000000085600000, 0x0000000085700000|  0%| F|  |TAMS 0x0000000085600000| PB 0x0000000085600000| Untracked 
|  74|0x0000000087000000, 0x0000000087000000, 0x0000000087100000|  0%| F|  |TAMS 0x0000000087000000| PB 0x0000000087000000| Untracked 
|  75|0x0000000087100000, 0x0000000087100000, 0x0000000087200000|  0%| F|  |TAMS 0x0000000087100000| PB 0x0000000087100000| Untracked 
|  76|0x0000000087200000, 0x0000000087200000, 0x0000000087300000|  0%| F|  |TAMS 0x0000000087200000| PB 0x0000000087200000| Untracked 
|  77|0x0000000087300000, 0x0000000087300000, 0x0000000087400000|  0%| F|  |TAMS 0x0000000087300000| PB 0x0000000087300000| Untracked 
|  78|0x0000000087400000, 0x0000000087400000, 0x0000000087500000|  0%| F|  |TAMS 0x0000000087400000| PB 0x0000000087400000| Untracked 
|  79|0x0000000087500000, 0x0000000087500000, 0x0000000087600000|  0%| F|  |TAMS 0x0000000087500000| PB 0x0000000087500000| Untracked 
| 124|0x000000008a200000, 0x000000008a200000, 0x000000008a300000|  0%| F|  |TAMS 0x000000008a200000| PB 0x000000008a200000| Untracked 
| 125|0x000000008a300000, 0x000000008a300000, 0x000000008a400000|  0%| F|  |TAMS 0x000000008a300000| PB 0x000000008a300000| Untracked 

Card table byte_map: [0x0000026f73590000,0x0000026f73980000] _byte_map_base: 0x0000026f7317d000

Marking Bits: (CMBitMap*) 0x0000026f67ca8970
 Bits: [0x0000026f73980000, 0x0000026f758e8000)

Polling page: 0x0000026f65ba0000

Metaspace:

Usage:
  Non-class:     44.86 MB used.
      Class:      7.41 MB used.
       Both:     52.27 MB used.

Virtual space:
  Non-class space:       64.00 MB reserved,      45.19 MB ( 71%) committed,  1 nodes.
      Class space:        1.00 GB reserved,       7.75 MB ( <1%) committed,  1 nodes.
             Both:        1.06 GB reserved,      52.94 MB (  5%) committed. 

Chunk freelists:
   Non-Class:  2.62 MB
       Class:  8.17 MB
        Both:  10.80 MB

MaxMetaspaceSize: unlimited
CompressedClassSpaceSize: 1.00 GB
Initial GC threshold: 21.00 MB
Current GC threshold: 59.19 MB
CDS: on
 - commit_granule_bytes: 65536.
 - commit_granule_words: 8192.
 - virtual_space_node_default_size: 8388608.
 - enlarge_chunks_in_place: 1.
 - use_allocation_guard: 0.


Internal statistics:

num_allocs_failed_limit: 6.
num_arena_births: 868.
num_arena_deaths: 0.
num_vsnodes_births: 2.
num_vsnodes_deaths: 0.
num_space_committed: 847.
num_space_uncommitted: 0.
num_chunks_returned_to_freelist: 6.
num_chunks_taken_from_freelist: 2750.
num_chunk_merges: 6.
num_chunk_splits: 1986.
num_chunks_enlarged: 1519.
num_inconsistent_stats: 0.

CodeCache: size=49152Kb used=11589Kb max_used=11589Kb free=37562Kb
 bounds [0x0000026f70090000, 0x0000026f70bf0000, 0x0000026f73090000]
 total_blobs=6201 nmethods=5557 adapters=564
 compilation: enabled
              stopped_count=0, restarted_count=0
 full_count=0

Compilation events (20 events):
Event: 5.732 Thread 0x0000026f7d2ae900 5595       1       net.bytebuddy.description.method.MethodDescription$Token::getName (5 bytes)
Event: 5.732 Thread 0x0000026f7852d690 5596       1       net.bytebuddy.description.method.MethodDescription$Token::getModifiers (5 bytes)
Event: 5.732 Thread 0x0000026f78529fc0 5597       1       net.bytebuddy.description.method.MethodDescription$Token::getReturnType (5 bytes)
Event: 5.732 Thread 0x0000026f78330fd0 5598       1       net.bytebuddy.description.method.MethodDescription$Token::getDefaultValue (5 bytes)
Event: 5.732 Thread 0x0000026f7d2ae900 nmethod 5595 0x0000026f70bded10 code [0x0000026f70bdeea0, 0x0000026f70bdef68]
Event: 5.732 Thread 0x0000026f7852d690 nmethod 5596 0x0000026f70bdf010 code [0x0000026f70bdf1a0, 0x0000026f70bdf268]
Event: 5.732 Thread 0x0000026f78529fc0 nmethod 5597 0x0000026f70bdf310 code [0x0000026f70bdf4a0, 0x0000026f70bdf568]
Event: 5.732 Thread 0x0000026f78330fd0 nmethod 5598 0x0000026f70bdf610 code [0x0000026f70bdf7a0, 0x0000026f70bdf868]
Event: 5.732 Thread 0x0000026f7852d690 5599       1       net.bytebuddy.description.ModifierReviewable$AbstractBase::isAbstract (8 bytes)
Event: 5.732 Thread 0x0000026f7852d690 nmethod 5599 0x0000026f70bdf910 code [0x0000026f70bdfac0, 0x0000026f70bdfbd0]
Event: 5.733 Thread 0x0000026f7852d690 5600       1       org.hibernate.boot.internal.SessionFactoryOptionsBuilder::isCollectionsInDefaultFetchGroupEnabled (5 bytes)
Event: 5.733 Thread 0x0000026f7d2ae900 5602       1       java.lang.AbstractStringBuilder::append (54 bytes)
Event: 5.733 Thread 0x0000026f78330fd0 5601       1       java.lang.StringBuilder::append (8 bytes)
Event: 5.733 Thread 0x0000026f7852d690 nmethod 5600 0x0000026f70bdfc90 code [0x0000026f70bdfe20, 0x0000026f70bdfef0]
Event: 5.733 Thread 0x0000026f7852d690 5603       1       org.hibernate.type.AbstractStandardBasicType::isCollectionType (2 bytes)
Event: 5.733 Thread 0x0000026f78330fd0 nmethod 5601 0x0000026f70bdff90 code [0x0000026f70be0140, 0x0000026f70be0238]
Event: 5.733 Thread 0x0000026f7852d690 nmethod 5603 0x0000026f70be0310 code [0x0000026f70be04a0, 0x0000026f70be0568]
Event: 5.733 Thread 0x0000026f7d2ae900 nmethod 5602 0x0000026f70be0610 code [0x0000026f70be0820, 0x0000026f70be0b68]
Event: 5.733 Thread 0x0000026f7852d690 5604       1       org.hibernate.type.EntityType::isReferenceToPrimaryKey (5 bytes)
Event: 5.733 Thread 0x0000026f7852d690 nmethod 5604 0x0000026f70be0c90 code [0x0000026f70be0e20, 0x0000026f70be0ef0]

GC Heap History (19 events):
Event: 1.212 GC heap before
{Heap before GC invocations=0 (full 0):
 garbage-first heap   total 129024K, used 23552K [0x0000000082600000, 0x0000000100000000)
  region size 1024K, 23 young (23552K), 0 survivors (0K)
 Metaspace       used 7076K, committed 7296K, reserved 1114112K
  class space    used 847K, committed 960K, reserved 1048576K
}
Event: 1.220 GC heap after
{Heap after GC invocations=1 (full 0):
 garbage-first heap   total 129024K, used 8533K [0x0000000082600000, 0x0000000100000000)
  region size 1024K, 3 young (3072K), 3 survivors (3072K)
 Metaspace       used 7076K, committed 7296K, reserved 1114112K
  class space    used 847K, committed 960K, reserved 1048576K
}
Event: 1.643 GC heap before
{Heap before GC invocations=1 (full 0):
 garbage-first heap   total 129024K, used 34133K [0x0000000082600000, 0x0000000100000000)
  region size 1024K, 29 young (29696K), 3 survivors (3072K)
 Metaspace       used 12260K, committed 12608K, reserved 1114112K
  class space    used 1633K, committed 1792K, reserved 1048576K
}
Event: 1.647 GC heap after
{Heap after GC invocations=2 (full 0):
 garbage-first heap   total 129024K, used 10748K [0x0000000082600000, 0x0000000100000000)
  region size 1024K, 3 young (3072K), 3 survivors (3072K)
 Metaspace       used 12260K, committed 12608K, reserved 1114112K
  class space    used 1633K, committed 1792K, reserved 1048576K
}
Event: 2.389 GC heap before
{Heap before GC invocations=2 (full 0):
 garbage-first heap   total 129024K, used 52732K [0x0000000082600000, 0x0000000100000000)
  region size 1024K, 46 young (47104K), 3 survivors (3072K)
 Metaspace       used 21192K, committed 21504K, reserved 1114112K
  class space    used 2855K, committed 3008K, reserved 1048576K
}
Event: 2.394 GC heap after
{Heap after GC invocations=3 (full 0):
 garbage-first heap   total 129024K, used 13765K [0x0000000082600000, 0x0000000100000000)
  region size 1024K, 6 young (6144K), 6 survivors (6144K)
 Metaspace       used 21192K, committed 21504K, reserved 1114112K
  class space    used 2855K, committed 3008K, reserved 1048576K
}
Event: 2.807 GC heap before
{Heap before GC invocations=4 (full 0):
 garbage-first heap   total 58368K, used 41413K [0x0000000082600000, 0x0000000100000000)
  region size 1024K, 34 young (34816K), 6 survivors (6144K)
 Metaspace       used 23396K, committed 23744K, reserved 1114112K
  class space    used 3162K, committed 3328K, reserved 1048576K
}
Event: 2.812 GC heap after
{Heap after GC invocations=5 (full 0):
 garbage-first heap   total 58368K, used 15708K [0x0000000082600000, 0x0000000100000000)
  region size 1024K, 3 young (3072K), 3 survivors (3072K)
 Metaspace       used 23396K, committed 23744K, reserved 1114112K
  class space    used 3162K, committed 3328K, reserved 1048576K
}
Event: 3.224 GC heap before
{Heap before GC invocations=5 (full 0):
 garbage-first heap   total 58368K, used 43356K [0x0000000082600000, 0x0000000100000000)
  region size 1024K, 30 young (30720K), 3 survivors (3072K)
 Metaspace       used 26790K, committed 27136K, reserved 1114112K
  class space    used 3633K, committed 3776K, reserved 1048576K
}
Event: 3.228 GC heap after
{Heap after GC invocations=6 (full 0):
 garbage-first heap   total 58368K, used 17743K [0x0000000082600000, 0x0000000100000000)
  region size 1024K, 4 young (4096K), 4 survivors (4096K)
 Metaspace       used 26790K, committed 27136K, reserved 1114112K
  class space    used 3633K, committed 3776K, reserved 1048576K
}
Event: 3.696 GC heap before
{Heap before GC invocations=6 (full 0):
 garbage-first heap   total 58368K, used 46415K [0x0000000082600000, 0x0000000100000000)
  region size 1024K, 32 young (32768K), 4 survivors (4096K)
 Metaspace       used 31753K, committed 32320K, reserved 1114112K
  class space    used 4349K, committed 4608K, reserved 1048576K
}
Event: 3.702 GC heap after
{Heap after GC invocations=7 (full 0):
 garbage-first heap   total 58368K, used 20713K [0x0000000082600000, 0x0000000100000000)
  region size 1024K, 4 young (4096K), 4 survivors (4096K)
 Metaspace       used 31753K, committed 32320K, reserved 1114112K
  class space    used 4349K, committed 4608K, reserved 1048576K
}
Event: 4.080 GC heap before
{Heap before GC invocations=7 (full 0):
 garbage-first heap   total 58368K, used 45289K [0x0000000082600000, 0x0000000100000000)
  region size 1024K, 30 young (30720K), 4 survivors (4096K)
 Metaspace       used 35544K, committed 36096K, reserved 1114112K
  class space    used 4869K, committed 5120K, reserved 1048576K
}
Event: 4.086 GC heap after
{Heap after GC invocations=8 (full 0):
 garbage-first heap   total 58368K, used 22872K [0x0000000082600000, 0x0000000100000000)
  region size 1024K, 2 young (2048K), 2 survivors (2048K)
 Metaspace       used 35544K, committed 36096K, reserved 1114112K
  class space    used 4869K, committed 5120K, reserved 1048576K
}
Event: 4.874 GC heap before
{Heap before GC invocations=9 (full 0):
 garbage-first heap   total 58368K, used 47448K [0x0000000082600000, 0x0000000100000000)
  region size 1024K, 27 young (27648K), 2 survivors (2048K)
 Metaspace       used 43160K, committed 43712K, reserved 1114112K
  class space    used 5971K, committed 6208K, reserved 1048576K
}
Event: 4.877 GC heap after
{Heap after GC invocations=10 (full 0):
 garbage-first heap   total 58368K, used 24468K [0x0000000082600000, 0x0000000100000000)
  region size 1024K, 4 young (4096K), 4 survivors (4096K)
 Metaspace       used 43160K, committed 43712K, reserved 1114112K
  class space    used 5971K, committed 6208K, reserved 1048576K
}
Event: 5.345 GC heap before
{Heap before GC invocations=10 (full 0):
 garbage-first heap   total 58368K, used 48020K [0x0000000082600000, 0x0000000100000000)
  region size 1024K, 28 young (28672K), 4 survivors (4096K)
 Metaspace       used 48889K, committed 49472K, reserved 1114112K
  class space    used 6744K, committed 6976K, reserved 1048576K
}
Event: 5.350 GC heap after
{Heap after GC invocations=11 (full 0):
 garbage-first heap   total 58368K, used 26101K [0x0000000082600000, 0x0000000100000000)
  region size 1024K, 4 young (4096K), 4 survivors (4096K)
 Metaspace       used 48889K, committed 49472K, reserved 1114112K
  class space    used 6744K, committed 6976K, reserved 1048576K
}
Event: 5.744 GC heap before
{Heap before GC invocations=11 (full 0):
 garbage-first heap   total 58368K, used 49653K [0x0000000082600000, 0x0000000100000000)
  region size 1024K, 27 young (27648K), 4 survivors (4096K)
 Metaspace       used 53524K, committed 54208K, reserved 1114112K
  class space    used 7587K, committed 7936K, reserved 1048576K
}

Dll operation events (13 events):
Event: 0.014 Loaded shared library C:\Users\ACER\.jdks\openjdk-21.0.1\bin\java.dll
Event: 0.109 Loaded shared library C:\Users\ACER\.jdks\openjdk-21.0.1\bin\zip.dll
Event: 0.115 Loaded shared library C:\Users\ACER\.jdks\openjdk-21.0.1\bin\instrument.dll
Event: 0.130 Loaded shared library C:\Users\ACER\.jdks\openjdk-21.0.1\bin\net.dll
Event: 0.131 Loaded shared library C:\Users\ACER\.jdks\openjdk-21.0.1\bin\nio.dll
Event: 0.134 Loaded shared library C:\Users\ACER\.jdks\openjdk-21.0.1\bin\zip.dll
Event: 0.434 Loaded shared library D:\Downloads\IntelliJ IDEA 2023.2.2\bin\breakgen64.dll
Event: 0.441 Loaded shared library C:\Users\ACER\.jdks\openjdk-21.0.1\bin\jimage.dll
Event: 0.443 Loaded shared library C:\Users\ACER\.jdks\openjdk-21.0.1\bin\extnet.dll
Event: 0.458 Loaded shared library C:\Users\ACER\.jdks\openjdk-21.0.1\bin\management.dll
Event: 0.478 Loaded shared library C:\Users\ACER\.jdks\openjdk-21.0.1\bin\management_ext.dll
Event: 3.711 Loaded shared library C:\Users\ACER\.jdks\openjdk-21.0.1\bin\sunmscapi.dll
Event: 4.198 Loaded shared library C:\Users\ACER\.jdks\openjdk-21.0.1\bin\verify.dll

Deoptimization events (8 events):
Event: 0.619 Thread 0x0000026f65aab730 DEOPT PACKING pc=0x0000026f703e2bdd sp=0x000000cf697fd230
Event: 0.619 Thread 0x0000026f65aab730 DEOPT UNPACKING pc=0x0000026f700e4e42 sp=0x000000cf697fc6e0 mode 3
Event: 0.631 Thread 0x0000026f65aab730 DEOPT PACKING pc=0x0000026f70488060 sp=0x000000cf697fd130
Event: 0.631 Thread 0x0000026f65aab730 DEOPT UNPACKING pc=0x0000026f700e4e42 sp=0x000000cf697fc5e8 mode 3
Event: 1.726 Thread 0x0000026f7d7993e0 DEOPT PACKING pc=0x0000026f706bd5f9 sp=0x000000cf6b8fce30
Event: 1.727 Thread 0x0000026f7d7993e0 DEOPT UNPACKING pc=0x0000026f700e4e42 sp=0x000000cf6b8fc310 mode 3
Event: 3.819 Thread 0x0000026f7d7993e0 DEOPT PACKING pc=0x0000026f709d8e9d sp=0x000000cf6b8fbfb0
Event: 3.819 Thread 0x0000026f7d7993e0 DEOPT UNPACKING pc=0x0000026f700e4e42 sp=0x000000cf6b8fb518 mode 3

Classes loaded (20 events):
Event: 5.106 Loading class javax/naming/RefAddr
Event: 5.106 Loading class javax/naming/RefAddr done
Event: 5.107 Loading class javax/naming/StringRefAddr
Event: 5.107 Loading class javax/naming/StringRefAddr done
Event: 5.131 Loading class java/util/concurrent/CompletionStage
Event: 5.131 Loading class java/util/concurrent/CompletionStage done
Event: 5.132 Loading class java/util/concurrent/CompletableFuture
Event: 5.132 Loading class java/util/concurrent/CompletableFuture done
Event: 5.133 Loading class java/util/concurrent/CompletableFuture$AltResult
Event: 5.133 Loading class java/util/concurrent/CompletableFuture$AltResult done
Event: 5.133 Loading class java/util/concurrent/CompletableFuture$Completion
Event: 5.133 Loading class java/util/concurrent/CompletableFuture$AsynchronousCompletionTask
Event: 5.133 Loading class java/util/concurrent/CompletableFuture$AsynchronousCompletionTask done
Event: 5.133 Loading class java/util/concurrent/CompletableFuture$Completion done
Event: 5.244 Loading class java/util/concurrent/CancellationException
Event: 5.244 Loading class java/util/concurrent/CancellationException done
Event: 5.461 Loading class java/util/ArrayList$ListItr
Event: 5.461 Loading class java/util/ArrayList$ListItr done
Event: 5.488 Loading class java/util/AbstractList$SubList
Event: 5.488 Loading class java/util/AbstractList$SubList done

Classes unloaded (0 events):
No events

Classes redefined (0 events):
No events

Internal exceptions (20 events):
Event: 3.563 Thread 0x0000026f7d7993e0 Exception <a 'java/lang/NoSuchMethodError'{0x0000000084b7d8f8}: 'java.lang.Object java.lang.invoke.Invokers$Holder.linkToTargetMethod(java.lang.Object, java.lang.Object, int, java.lang.Object)'> (0x0000000084b7d8f8) 
thrown [s\open\src\hotspot\share\interpreter\linkResolver.cpp, line 773]
Event: 3.612 Thread 0x0000026f7d7993e0 Exception <a 'java/lang/NoSuchMethodError'{0x0000000084758908}: 'java.lang.Object java.lang.invoke.DirectMethodHandle$Holder.invokeStatic(java.lang.Object, int, java.lang.Object)'> (0x0000000084758908) 
thrown [s\open\src\hotspot\share\interpreter\linkResolver.cpp, line 773]
Event: 3.612 Thread 0x0000026f7d7993e0 Exception <a 'java/lang/NoSuchMethodError'{0x000000008475bf58}: 'java.lang.Object java.lang.invoke.DirectMethodHandle$Holder.invokeStaticInit(java.lang.Object, int, java.lang.Object)'> (0x000000008475bf58) 
thrown [s\open\src\hotspot\share\interpreter\linkResolver.cpp, line 773]
Event: 3.655 Thread 0x0000026f7d7993e0 Exception <a 'java/lang/NoSuchMethodError'{0x00000000845e0c18}: 'int java.lang.invoke.DirectMethodHandle$Holder.invokeVirtual(java.lang.Object, java.lang.Object, java.lang.Object, java.lang.Object)'> (0x00000000845e0c18) 
thrown [s\open\src\hotspot\share\interpreter\linkResolver.cpp, line 773]
Event: 3.655 Thread 0x0000026f7d7993e0 Exception <a 'java/lang/NoSuchMethodError'{0x00000000845e4498}: 'int java.lang.invoke.DelegatingMethodHandle$Holder.reinvoke_L(java.lang.Object, java.lang.Object, java.lang.Object, java.lang.Object)'> (0x00000000845e4498) 
thrown [s\open\src\hotspot\share\interpreter\linkResolver.cpp, line 773]
Event: 3.776 Thread 0x0000026f7d7993e0 Exception <a 'java/io/FileNotFoundException'{0x00000000871b9508}> (0x00000000871b9508) 
thrown [s\open\src\hotspot\share\prims\jni.cpp, line 520]
Event: 3.792 Thread 0x0000026f7d7993e0 Exception <a 'java/lang/NoSuchMethodError'{0x000000008564db60}: 'int java.lang.invoke.DirectMethodHandle$Holder.invokeInterface(java.lang.Object, java.lang.Object, java.lang.Object, java.lang.Object)'> (0x000000008564db60) 
thrown [s\open\src\hotspot\share\interpreter\linkResolver.cpp, line 773]
Event: 3.823 Thread 0x0000026f7d7993e0 Exception <a 'java/lang/NoSuchMethodError'{0x000000008548d7c8}: 'long java.lang.invoke.DirectMethodHandle$Holder.invokeVirtual(java.lang.Object, java.lang.Object)'> (0x000000008548d7c8) 
thrown [s\open\src\hotspot\share\interpreter\linkResolver.cpp, line 773]
Event: 3.826 Thread 0x0000026f7d7993e0 Exception <a 'java/io/FileNotFoundException'{0x00000000854bce10}> (0x00000000854bce10) 
thrown [s\open\src\hotspot\share\prims\jni.cpp, line 520]
Event: 3.874 Thread 0x0000026f7d7993e0 Exception <a 'java/lang/NoSuchMethodError'{0x0000000084e094a0}: 'java.lang.Object java.lang.invoke.DirectMethodHandle$Holder.newInvokeSpecial(java.lang.Object, java.lang.Object, java.lang.Object, java.lang.Object, java.lang.Object, java.lang.Object, java.lang.Object, java.lang.Object, java.lang.Object, java.lang.Object, java.lang.Object)'> (0x0000000084e094a0) 
thrown [s\open\src\hotspot\share\interpreter\linkResolver.cpp, line 773]
Event: 3.936 Thread 0x0000026f7d7993e0 Exception <a 'java/lang/NoSuchMethodError'{0x0000000084b4cc60}: 'void java.lang.invoke.DelegatingMethodHandle$Holder.reinvoke_L(java.lang.Object, java.lang.Object, java.lang.Object, java.lang.Object, int, java.lang.Object, java.lang.Object, java.lang.Object)'> (0x0000000084b4cc60) 
thrown [s\open\src\hotspot\share\interpreter\linkResolver.cpp, line 773]
Event: 4.354 Thread 0x0000026f7d7993e0 Exception <a 'java/lang/NoSuchMethodError'{0x00000000852296c8}: 'int java.lang.invoke.DirectMethodHandle$Holder.invokeStatic(java.lang.Object)'> (0x00000000852296c8) 
thrown [s\open\src\hotspot\share\interpreter\linkResolver.cpp, line 773]
Event: 4.373 Thread 0x0000026f7d7993e0 Exception <a 'java/lang/NoSuchMethodError'{0x000000008510c470}: method resolution failed> (0x000000008510c470) 
thrown [s\open\src\hotspot\share\prims\methodHandles.cpp, line 1144]
Event: 4.383 Thread 0x0000026f7d7993e0 Exception <a 'java/lang/NoSuchMethodError'{0x0000000085163088}: 'int java.lang.invoke.DirectMethodHandle$Holder.invokeStaticInit(java.lang.Object, java.lang.Object, java.lang.Object, java.lang.Object)'> (0x0000000085163088) 
thrown [s\open\src\hotspot\share\interpreter\linkResolver.cpp, line 773]
Event: 4.582 Thread 0x0000026f7d7993e0 Exception <a 'sun/nio/fs/WindowsException'{0x0000000084f94970}> (0x0000000084f94970) 
thrown [s\open\src\hotspot\share\prims\jni.cpp, line 520]
Event: 4.804 Thread 0x0000026f7d7993e0 Exception <a 'java/lang/NoSuchMethodError'{0x0000000084aada98}: 'java.lang.Object java.lang.invoke.DirectMethodHandle$Holder.invokeStaticInit(java.lang.Object, java.lang.Object, java.lang.Object, java.lang.Object)'> (0x0000000084aada98) 
thrown [s\open\src\hotspot\share\interpreter\linkResolver.cpp, line 773]
Event: 5.058 Thread 0x0000026f7d7993e0 Exception <a 'java/lang/NoSuchMethodError'{0x00000000855adba0}: 'java.lang.Object java.lang.invoke.DirectMethodHandle$Holder.invokeSpecial(java.lang.Object, java.lang.Object, java.lang.Object, long, long)'> (0x00000000855adba0) 
thrown [s\open\src\hotspot\share\interpreter\linkResolver.cpp, line 773]
Event: 5.249 Thread 0x0000026f7d7993e0 Exception <a 'java/lang/IncompatibleClassChangeError'{0x0000000084b5b6a8}: Found class java.lang.Object, but interface was expected> (0x0000000084b5b6a8) 
thrown [s\open\src\hotspot\share\interpreter\linkResolver.cpp, line 840]
Event: 5.264 Thread 0x0000026f7d7993e0 Exception <a 'java/lang/NoSuchMethodError'{0x0000000084a0f088}: 'java.lang.Object java.lang.invoke.DirectMethodHandle$Holder.invokeStatic(java.lang.Object, java.lang.Object, int, java.lang.Object)'> (0x0000000084a0f088) 
thrown [s\open\src\hotspot\share\interpreter\linkResolver.cpp, line 773]
Event: 5.264 Thread 0x0000026f7d7993e0 Exception <a 'java/lang/NoSuchMethodError'{0x0000000084a12880}: 'java.lang.Object java.lang.invoke.DirectMethodHandle$Holder.invokeStaticInit(java.lang.Object, java.lang.Object, int, java.lang.Object)'> (0x0000000084a12880) 
thrown [s\open\src\hotspot\share\interpreter\linkResolver.cpp, line 773]

ZGC Phase Switch (0 events):
No events

VM Operations (20 events):
Event: 4.007 Executing VM operation: HandshakeAllThreads (Deoptimize) done
Event: 4.080 Executing VM operation: CollectForMetadataAllocation (Metadata GC Threshold)
Event: 4.086 Executing VM operation: CollectForMetadataAllocation (Metadata GC Threshold) done
Event: 4.102 Executing VM operation: G1PauseRemark
Event: 4.104 Executing VM operation: G1PauseRemark done
Event: 4.114 Executing VM operation: G1PauseCleanup
Event: 4.114 Executing VM operation: G1PauseCleanup done
Event: 4.579 Executing VM operation: HandshakeAllThreads (Deoptimize)
Event: 4.579 Executing VM operation: HandshakeAllThreads (Deoptimize) done
Event: 4.587 Executing VM operation: HandshakeAllThreads (Deoptimize)
Event: 4.587 Executing VM operation: HandshakeAllThreads (Deoptimize) done
Event: 4.874 Executing VM operation: G1CollectForAllocation (G1 Evacuation Pause)
Event: 4.877 Executing VM operation: G1CollectForAllocation (G1 Evacuation Pause) done
Event: 5.345 Executing VM operation: G1CollectForAllocation (G1 Evacuation Pause)
Event: 5.350 Executing VM operation: G1CollectForAllocation (G1 Evacuation Pause) done
Event: 5.461 Executing VM operation: HandshakeAllThreads (Deoptimize)
Event: 5.461 Executing VM operation: HandshakeAllThreads (Deoptimize) done
Event: 5.645 Executing VM operation: ICBufferFull
Event: 5.645 Executing VM operation: ICBufferFull done
Event: 5.743 Executing VM operation: G1CollectForAllocation (G1 Evacuation Pause)

Events (20 events):
Event: 4.104 Thread 0x0000026f78306280 flushing nmethod 0x0000026f70340790
Event: 4.104 Thread 0x0000026f78306280 flushing nmethod 0x0000026f70340190
Event: 4.104 Thread 0x0000026f78306280 flushing nmethod 0x0000026f7033fd90
Event: 4.104 Thread 0x0000026f78306280 flushing nmethod 0x0000026f70360c90
Event: 4.104 Thread 0x0000026f78306280 flushing nmethod 0x0000026f70331590
Event: 4.104 Thread 0x0000026f78306280 flushing nmethod 0x0000026f7032dc10
Event: 4.104 Thread 0x0000026f78306280 flushing nmethod 0x0000026f7032d490
Event: 4.104 Thread 0x0000026f78306280 flushing nmethod 0x0000026f70326110
Event: 4.104 Thread 0x0000026f78306280 flushing nmethod 0x0000026f70325c10
Event: 4.104 Thread 0x0000026f78306280 flushing nmethod 0x0000026f7030c690
Event: 4.104 Thread 0x0000026f78306280 flushing nmethod 0x0000026f702ecb90
Event: 4.356 Thread 0x0000026f7dd2dba0 Thread added: 0x0000026f7dd2dba0
Event: 4.360 Thread 0x0000026f7dd2dba0 Thread exited: 0x0000026f7dd2dba0
Event: 4.674 Thread 0x0000026f7dd2fc70 Thread added: 0x0000026f7dd2fc70
Event: 4.697 Thread 0x0000026f7dd2dba0 Thread added: 0x0000026f7dd2dba0
Event: 4.811 Thread 0x0000026f7dd2e230 Thread added: 0x0000026f7dd2e230
Event: 4.862 Thread 0x0000026f7dd2e8c0 Thread added: 0x0000026f7dd2e8c0
Event: 4.866 Thread 0x0000026f7dd2e8c0 Thread exited: 0x0000026f7dd2e8c0
Event: 5.369 Thread 0x0000026f7dd2ef50 Thread added: 0x0000026f7dd2ef50
Event: 5.373 Thread 0x0000026f7dd2ef50 Thread exited: 0x0000026f7dd2ef50


Dynamic libraries:
0x00007ff7bfdb0000 - 0x00007ff7bfdbe000 	C:\Users\ACER\.jdks\openjdk-21.0.1\bin\java.exe
0x00007ffd61530000 - 0x00007ffd61747000 	C:\WINDOWS\SYSTEM32\ntdll.dll
0x00007ffd60d10000 - 0x00007ffd60dd4000 	C:\WINDOWS\System32\KERNEL32.DLL
0x00007ffd5eee0000 - 0x00007ffd5f286000 	C:\WINDOWS\System32\KERNELBASE.dll
0x00007ffd5e930000 - 0x00007ffd5ea41000 	C:\WINDOWS\System32\ucrtbase.dll
0x00007ffd4e2b0000 - 0x00007ffd4e2cb000 	C:\Users\ACER\.jdks\openjdk-21.0.1\bin\VCRUNTIME140.dll
0x00007ffd4dfe0000 - 0x00007ffd4dff8000 	C:\Users\ACER\.jdks\openjdk-21.0.1\bin\jli.dll
0x00007ffd607d0000 - 0x00007ffd6097d000 	C:\WINDOWS\System32\USER32.dll
0x00007ffd49e50000 - 0x00007ffd4a0e3000 	C:\WINDOWS\WinSxS\amd64_microsoft.windows.common-controls_6595b64144ccf1df_6.0.22621.2361_none_2712ced57382f843\COMCTL32.dll
0x00007ffd5eb70000 - 0x00007ffd5eb96000 	C:\WINDOWS\System32\win32u.dll
0x00007ffd5fcb0000 - 0x00007ffd5fd57000 	C:\WINDOWS\System32\msvcrt.dll
0x00007ffd60250000 - 0x00007ffd60279000 	C:\WINDOWS\System32\GDI32.dll
0x00007ffd5ea50000 - 0x00007ffd5eb68000 	C:\WINDOWS\System32\gdi32full.dll
0x00007ffd5ee40000 - 0x00007ffd5eeda000 	C:\WINDOWS\System32\msvcp_win.dll
0x00007ffd60980000 - 0x00007ffd609b1000 	C:\WINDOWS\System32\IMM32.DLL
0x00007ffd58cf0000 - 0x00007ffd58cfc000 	C:\Users\ACER\.jdks\openjdk-21.0.1\bin\vcruntime140_1.dll
0x00007ffd36380000 - 0x00007ffd3640e000 	C:\Users\ACER\.jdks\openjdk-21.0.1\bin\msvcp140.dll
0x00007ffd17730000 - 0x00007ffd18445000 	C:\Users\ACER\.jdks\openjdk-21.0.1\bin\server\jvm.dll
0x00007ffd60700000 - 0x00007ffd607b0000 	C:\WINDOWS\System32\ADVAPI32.dll
0x00007ffd609c0000 - 0x00007ffd60a66000 	C:\WINDOWS\System32\sechost.dll
0x00007ffd612c0000 - 0x00007ffd613d7000 	C:\WINDOWS\System32\RPCRT4.dll
0x00007ffd60430000 - 0x00007ffd604a1000 	C:\WINDOWS\System32\WS2_32.dll
0x00007ffd5e1b0000 - 0x00007ffd5e1fd000 	C:\WINDOWS\SYSTEM32\POWRPROF.dll
0x00007ffd58560000 - 0x00007ffd5856a000 	C:\WINDOWS\SYSTEM32\VERSION.dll
0x00007ffd58010000 - 0x00007ffd58044000 	C:\WINDOWS\SYSTEM32\WINMM.dll
0x00007ffd5e0d0000 - 0x00007ffd5e0e3000 	C:\WINDOWS\SYSTEM32\UMPDC.dll
0x00007ffd5d850000 - 0x00007ffd5d868000 	C:\WINDOWS\SYSTEM32\kernel.appcore.dll
0x00007ffd58c50000 - 0x00007ffd58c5a000 	C:\Users\ACER\.jdks\openjdk-21.0.1\bin\jimage.dll
0x00007ffd4e3b0000 - 0x00007ffd4e5de000 	C:\WINDOWS\SYSTEM32\DBGHELP.DLL
0x00007ffd5fe70000 - 0x00007ffd601fa000 	C:\WINDOWS\System32\combase.dll
0x00007ffd60290000 - 0x00007ffd60367000 	C:\WINDOWS\System32\OLEAUT32.dll
0x00007ffd451a0000 - 0x00007ffd451d2000 	C:\WINDOWS\SYSTEM32\dbgcore.DLL
0x00007ffd5e8b0000 - 0x00007ffd5e92a000 	C:\WINDOWS\System32\bcryptPrimitives.dll
0x00007ffd5bbb0000 - 0x00007ffd5bbbf000 	C:\Users\ACER\.jdks\openjdk-21.0.1\bin\instrument.dll
0x00007ffd419b0000 - 0x00007ffd419cf000 	C:\Users\ACER\.jdks\openjdk-21.0.1\bin\java.dll
0x00007ffd5f450000 - 0x00007ffd5fca8000 	C:\WINDOWS\System32\SHELL32.dll
0x00007ffd5c7c0000 - 0x00007ffd5d0b2000 	C:\WINDOWS\SYSTEM32\windows.storage.dll
0x00007ffd5c680000 - 0x00007ffd5c7be000 	C:\WINDOWS\SYSTEM32\wintypes.dll
0x00007ffd60c10000 - 0x00007ffd60d03000 	C:\WINDOWS\System32\SHCORE.dll
0x00007ffd5fe10000 - 0x00007ffd5fe6e000 	C:\WINDOWS\System32\shlwapi.dll
0x00007ffd5e7e0000 - 0x00007ffd5e806000 	C:\WINDOWS\SYSTEM32\profapi.dll
0x00007ffd3f630000 - 0x00007ffd3f648000 	C:\Users\ACER\.jdks\openjdk-21.0.1\bin\zip.dll
0x00007ffd583e0000 - 0x00007ffd583f0000 	C:\Users\ACER\.jdks\openjdk-21.0.1\bin\net.dll
0x00007ffd581e0000 - 0x00007ffd58317000 	C:\WINDOWS\SYSTEM32\WINHTTP.dll
0x00007ffd5dd20000 - 0x00007ffd5dd89000 	C:\WINDOWS\system32\mswsock.dll
0x00007ffd41990000 - 0x00007ffd419a6000 	C:\Users\ACER\.jdks\openjdk-21.0.1\bin\nio.dll
0x00007ffd4d110000 - 0x00007ffd4d12a000 	D:\Downloads\IntelliJ IDEA 2023.2.2\bin\breakgen64.dll
0x00007ffd54980000 - 0x00007ffd54987000 	C:\Users\ACER\.jdks\openjdk-21.0.1\bin\extnet.dll
0x00007ffd5d390000 - 0x00007ffd5d489000 	C:\WINDOWS\SYSTEM32\DNSAPI.dll
0x00007ffd5d320000 - 0x00007ffd5d34d000 	C:\WINDOWS\SYSTEM32\IPHLPAPI.DLL
0x00007ffd60400000 - 0x00007ffd60409000 	C:\WINDOWS\System32\NSI.dll
0x00007ffd555f0000 - 0x00007ffd555fa000 	C:\Windows\System32\rasadhlp.dll
0x00007ffd57040000 - 0x00007ffd570c4000 	C:\WINDOWS\System32\fwpuclnt.dll
0x00007ffd5bb80000 - 0x00007ffd5bb8a000 	C:\Users\ACER\.jdks\openjdk-21.0.1\bin\management.dll
0x00007ffd5bb30000 - 0x00007ffd5bb3b000 	C:\Users\ACER\.jdks\openjdk-21.0.1\bin\management_ext.dll
0x00007ffd60370000 - 0x00007ffd60378000 	C:\WINDOWS\System32\PSAPI.DLL
0x00007ffd5e030000 - 0x00007ffd5e04b000 	C:\WINDOWS\SYSTEM32\CRYPTSP.dll
0x00007ffd5d810000 - 0x00007ffd5d845000 	C:\WINDOWS\system32\rsaenh.dll
0x00007ffd5ddc0000 - 0x00007ffd5ddec000 	C:\WINDOWS\SYSTEM32\USERENV.dll
0x00007ffd5e270000 - 0x00007ffd5e298000 	C:\WINDOWS\SYSTEM32\bcrypt.dll
0x00007ffd5df20000 - 0x00007ffd5df2c000 	C:\WINDOWS\SYSTEM32\CRYPTBASE.dll
0x00007ffd2caa0000 - 0x00007ffd2cab7000 	C:\WINDOWS\system32\napinsp.dll
0x00007ffd2ca80000 - 0x00007ffd2ca9b000 	C:\WINDOWS\system32\pnrpnsp.dll
0x00007ffd2ca60000 - 0x00007ffd2ca71000 	C:\WINDOWS\System32\winrnr.dll
0x00007ffd30910000 - 0x00007ffd30925000 	C:\WINDOWS\system32\wshbth.dll
0x00007ffd2ca30000 - 0x00007ffd2ca51000 	C:\WINDOWS\system32\nlansp_c.dll
0x00007ffd59f10000 - 0x00007ffd59f1e000 	C:\Users\ACER\.jdks\openjdk-21.0.1\bin\sunmscapi.dll
0x00007ffd5ec60000 - 0x00007ffd5edc6000 	C:\WINDOWS\System32\CRYPT32.dll
0x00007ffd5e240000 - 0x00007ffd5e26d000 	C:\WINDOWS\SYSTEM32\ncrypt.dll
0x00007ffd5e200000 - 0x00007ffd5e237000 	C:\WINDOWS\SYSTEM32\NTASN1.dll
0x00007ffd4dfd0000 - 0x00007ffd4dfe0000 	C:\Users\ACER\.jdks\openjdk-21.0.1\bin\verify.dll

dbghelp: loaded successfully - version: 4.0.5 - missing functions: none
symbol engine: initialized successfully - sym options: 0x614 - pdb path: .;C:\Users\ACER\.jdks\openjdk-21.0.1\bin;C:\WINDOWS\SYSTEM32;C:\WINDOWS\WinSxS\amd64_microsoft.windows.common-controls_6595b64144ccf1df_6.0.22621.2361_none_2712ced57382f843;C:\Users\ACER\.jdks\openjdk-21.0.1\bin\server;D:\Downloads\IntelliJ IDEA 2023.2.2\bin

VM Arguments:
jvm_args: -XX:TieredStopAtLevel=1 -Dspring.output.ansi.enabled=always -Dcom.sun.management.jmxremote -Dspring.jmx.enabled=true -Dspring.liveBeansView.mbeanDomain -Dspring.application.admin.enabled=true -Dmanagement.endpoints.jmx.exposure.include=* -javaagent:D:\Downloads\IntelliJ IDEA 2023.2.2\lib\idea_rt.jar=51262:D:\Downloads\IntelliJ IDEA 2023.2.2\bin -Dfile.encoding=UTF-8 -Dsun.stdout.encoding=UTF-8 -Dsun.stderr.encoding=UTF-8 
java_command: com.quizminds.QuizMinds.QuizMindsApplication
java_class_path (initial): D:\projects\QuizMinds\QuizMinds\target\classes;C:\Users\ACER\.m2\repository\org\springframework\boot\spring-boot-starter-data-jpa\3.1.5\spring-boot-starter-data-jpa-3.1.5.jar;C:\Users\ACER\.m2\repository\org\springframework\boot\spring-boot-starter-aop\3.1.5\spring-boot-starter-aop-3.1.5.jar;C:\Users\ACER\.m2\repository\org\springframework\spring-aop\6.0.13\spring-aop-6.0.13.jar;C:\Users\ACER\.m2\repository\org\aspectj\aspectjweaver\1.9.20\aspectjweaver-1.9.20.jar;C:\Users\ACER\.m2\repository\org\springframework\boot\spring-boot-starter-jdbc\3.1.5\spring-boot-starter-jdbc-3.1.5.jar;C:\Users\ACER\.m2\repository\com\zaxxer\HikariCP\5.0.1\HikariCP-5.0.1.jar;C:\Users\ACER\.m2\repository\org\springframework\spring-jdbc\6.0.13\spring-jdbc-6.0.13.jar;C:\Users\ACER\.m2\repository\org\hibernate\orm\hibernate-core\6.2.13.Final\hibernate-core-6.2.13.Final.jar;C:\Users\ACER\.m2\repository\jakarta\persistence\jakarta.persistence-api\3.1.0\jakarta.persistence-api-3.1.0.jar;C:\Users\ACER\.m2\repository\jakarta\transaction\jakarta.transaction-api\2.0.1\jakarta.transaction-api-2.0.1.jar;C:\Users\ACER\.m2\repository\org\jboss\logging\jboss-logging\3.5.3.Final\jboss-logging-3.5.3.Final.jar;C:\Users\ACER\.m2\repository\org\hibernate\common\hibernate-commons-annotations\6.0.6.Final\hibernate-commons-annotations-6.0.6.Final.jar;C:\Users\ACER\.m2\repository\io\smallrye\jandex\3.0.5\jandex-3.0.5.jar;C:\Users\ACER\.m2\repository\com\fasterxml\classmate\1.5.1\classmate-1.5.1.jar;C:\Users\ACER\.m2\repository\net\bytebuddy\byte-buddy\1.14.9\byte-buddy-1.14.9.jar;C:\Users\ACER\.m2\repository\org\glassfish\jaxb\jaxb-runtime\4.0.3\jaxb-runtime-4.0.3.jar;C:\Users\ACER\.m2\repository\org\glassfish\jaxb\jaxb-core\4.0.3\jaxb-core-4.0.3.jar;C:\Users\ACER\.m2\repository\org\eclipse\angus\angus-activation\2.0.1\angus-activation-2.0.1.jar;C:\Users\ACER\.m2\repository\org\glassfish\jaxb\txw2\4.0.3\txw2-4.0.3.jar;C:\Users\ACER\.m2\repository\com\sun\istack\istack-commons-runtime\4.1.2\istack-commons-runtime-4.1.2.jar;C:\Users\ACER\.m2\repository\jakarta\inject\jakarta.inject-api\2.0.1\jakarta.inject-api-2.0.1.jar;C:\Users\ACER\.m2\repository\org\antlr\antlr4-runtime\4.10.1\antlr4-runtime-4.10.1.jar;C:\Users\ACER\.m2\repository\org\springframework\data\spring-data-jpa\3.1.5\spring-data-jpa-3.1.5.jar;C:\Users\ACER\.m2\repository\org\springframework\data\spring-data-commons\3.1.5\spring-data-commons-3.1.5.jar;C:\Users\ACER\.m2\repository\org\springframework\spring-orm\6.0.13\spring-orm-6.0.13.jar;C:\Users\ACER\.m2\repository\org\springframework\spring-context\6.0.13\spring-context-6.0.13.jar;C:\Users\ACER\.m2\repository\org\springframework\spring-tx\6.0.13\spring-tx-6.0.13.jar;C:\Users\ACER\.m2\repository\org\springframework\spring-beans\6.0.13\spring-beans-6.0.13.jar;C:\Users\ACER\.m2\repository\jakarta\annotation\jakarta.annotation-api\2.1.1\jakarta.annotation-api-2.1.1.jar;C:\Users\ACER\.m2\repository\org\slf4j\slf4j-api\2.0.9\slf4j-api-2.0.9.jar;C:\Users\ACER\.m2\repository\org\springframework\spring-aspects\6.0.13\spring-aspects-6.0.13.jar;C:\Users\ACER\.m2\repository\org\springframework\boot\spring-boot-starter-data-rest\3.1.5\spring-boot-starter-data-rest-3.1.5.jar;C:\Users\ACER\.m2\repository\org\springframework\data\spring-data-rest-webmvc\4.1.5\spring-data-rest-webmvc-4.1.5.jar;C:\Users\ACER\.m2\repository\org\springframework\data\spring-data-rest-core\4.1.5\spring-data-rest-core-4.1.5.jar;C:\Users\ACER\.m2\repository\org\springframework\hateoas\spring-hateoas\2.1.2\spring-hateoas-2.1.2.jar;C:\Users\ACER\.m2\repository\org\springframework\plugin\spring-plugin-core\3.0.0\spring-plugin-core-3.0.0.jar;C:\Users\ACER\.m2\repository\org\atteo\evo-inflector\1.3\evo-inflector-1.3.jar;C:\Users\ACER\.m2\repository\com\fasterxml\jackson\core\jackson-databind\2.15.3\jackson-databind-2.15.3.jar;C:\Users\ACER\.m2\repository\com\fasterxml\jackson\core\jackson-core\2.15.3\jackson-core-2.15.3.jar;C:\Users\ACER\.m2\repository\com\fasterxml\jackson\core\jackson-annotations\2.15.3\jackson-annotations-2.15.3.jar;C:\Users\ACER\.m2\repository\org\springframework\boot\spring-boot-starter-web\3.1.5\spring-boot-starter-web-3.1.5.jar;C:\Users\ACER\.m2\repository\org\springframework\boot\spring-boot-starter\3.1.5\spring-boot-starter-3.1.5.jar;C:\Users\ACER\.m2\repository\org\springframework\boot\spring-boot-starter-logging\3.1.5\spring-boot-starter-logging-3.1.5.jar;C:\Users\ACER\.m2\repository\ch\qos\logback\logback-classic\1.4.11\logback-classic-1.4.11.jar;C:\Users\ACER\.m2\repository\ch\qos\logback\logback-core\1.4.11\logback-core-1.4.11.jar;C:\Users\ACER\.m2\repository\org\apache\logging\log4j\log4j-to-slf4j\2.20.0\log4j-to-slf4j-2.20.0.jar;C:\Users\ACER\.m2\repository\org\apache\logging\log4j\log4j-api\2.20.0\log4j-api-2.20.0.jar;C:\Users\ACER\.m2\repository\org\slf4j\jul-to-slf4j\2.0.9\jul-to-slf4j-2.0.9.jar;C:\Users\ACER\.m2\repository\org\yaml\snakeyaml\1.33\snakeyaml-1.33.jar;C:\Users\ACER\.m2\repository\org\springframework\boot\spring-boot-starter-json\3.1.5\spring-boot-starter-json-3.1.5.jar;C:\Users\ACER\.m2\repository\com\fasterxml\jackson\datatype\jackson-datatype-jdk8\2.15.3\jackson-datatype-jdk8-2.15.3.jar;C:\Users\ACER\.m2\repository\com\fasterxml\jackson\datatype\jackson-datatype-jsr310\2.15.3\jackson-datatype-jsr310-2.15.3.jar;C:\Users\ACER\.m2\repository\com\fasterxml\jackson\module\jackson-module-parameter-names\2.15.3\jackson-module-parameter-names-2.15.3.jar;C:\Users\ACER\.m2\repository\org\springframework\boot\spring-boot-starter-tomcat\3.1.5\spring-boot-starter-tomcat-3.1.5.jar;C:\Users\ACER\.m2\repository\org\apache\tomcat\embed\tomcat-embed-core\10.1.15\tomcat-embed-core-10.1.15.jar;C:\Users\ACER\.m2\repository\org\apache\tomcat\embed\tomcat-embed-websocket\10.1.15\tomcat-embed-websocket-10.1.15.jar;C:\Users\ACER\.m2\repository\org\springframework\spring-web\6.0.13\spring-web-6.0.13.jar;C:\Users\ACER\.m2\repository\io\micrometer\micrometer-observation\1.11.5\micrometer-observation-1.11.5.jar;C:\Users\ACER\.m2\repository\io\micrometer\micrometer-commons\1.11.5\micrometer-commons-1.11.5.jar;C:\Users\ACER\.m2\repository\org\springframework\spring-webmvc\6.0.13\spring-webmvc-6.0.13.jar;C:\Users\ACER\.m2\repository\org\springframework\spring-expression\6.0.13\spring-expression-6.0.13.jar;C:\Users\ACER\.m2\repository\org\springframework\boot\spring-boot-starter-validation\3.1.5\spring-boot-starter-validation-3.1.5.jar;C:\Users\ACER\.m2\repository\org\apache\tomcat\embed\tomcat-embed-el\10.1.15\tomcat-embed-el-10.1.15.jar;C:\Users\ACER\.m2\repository\org\hibernate\validator\hibernate-validator\8.0.1.Final\hibernate-validator-8.0.1.Final.jar;C:\Users\ACER\.m2\repository\jakarta\validation\jakarta.validation-api\3.0.2\jakarta.validation-api-3.0.2.jar;C:\Users\ACER\.m2\repository\org\modelmapper\modelmapper\3.2.0\modelmapper-3.2.0.jar;C:\Users\ACER\.m2\repository\org\springframework\boot\spring-boot-devtools\3.1.5\spring-boot-devtools-3.1.5.jar;C:\Users\ACER\.m2\repository\org\springframework\boot\spring-boot\3.1.5\spring-boot-3.1.5.jar;C:\Users\ACER\.m2\repository\org\springframework\boot\spring-boot-autoconfigure\3.1.5\spring-boot-autoconfigure-3.1.5.jar;C:\Users\ACER\.m2\repository\org\postgresql\postgresql\42.6.0\postgresql-42.6.0.jar;C:\Users\ACER\.m2\repository\org\checkerframework\checker-qual\3.31.0\checker-qual-3.31.0.jar;C:\Users\ACER\.m2\repository\org\projectlombok\lombok\1.18.30\lombok-1.18.30.jar;C:\Users\ACER\.m2\repository\com\jayway\jsonpath\json-path\2.8.0\json-path-2.8.0.jar;C:\Users\ACER\.m2\repository\jakarta\xml\bind\jakarta.xml.bind-api\4.0.1\jakarta.xml.bind-api-4.0.1.jar;C:\Users\ACER\.m2\repository\jakarta\activation\jakarta.activation-api\2.1.2\jakarta.activation-api-2.1.2.jar;C:\Users\ACER\.m2\repository\net\minidev\json-smart\2.4.11\json-smart-2.4.11.jar;C:\Users\ACER\.m2\repository\net\minidev\accessors-smart\2.4.11\accessors-smart-2.4.11.jar;C:\Users\ACER\.m2\repository\org\ow2\asm\asm\9.3\asm-9.3.jar;C:\Users\ACER\.m2\repository\org\springframework\spring-core\6.0.13\spring-core-6.0.13.jar;C:\Users\ACER\.m2\repository\org\springframework\spring-jcl\6.0.13\spring-jcl-6.0.13.jar;C:\Users\ACER\.m2\repository\org\springdoc\springdoc-openapi-starter-webmvc-ui\2.2.0\springdoc-openapi-starter-webmvc-ui-2.2.0.jar;C:\Users\ACER\.m2\repository\org\springdoc\springdoc-openapi-starter-webmvc-api\2.2.0\springdoc-openapi-starter-webmvc-api-2.2.0.jar;C:\Users\ACER\.m2\repository\org\springdoc\springdoc-openapi-starter-common\2.2.0\springdoc-openapi-starter-common-2.2.0.jar;C:\Users\ACER\.m2\repository\io\swagger\core\v3\swagger-core-jakarta\2.2.15\swagger-core-jakarta-2.2.15.jar;C:\Users\ACER\.m2\repository\org\apache\commons\commons-lang3\3.12.0\commons-lang3-3.12.0.jar;C:\Users\ACER\.m2\repository\io\swagger\core\v3\swagger-annotations-jakarta\2.2.15\swagger-annotations-jakarta-2.2.15.jar;C:\Users\ACER\.m2\repository\io\swagger\core\v3\swagger-models-jakarta\2.2.15\swagger-models-jakarta-2.2.15.jar;C:\Users\ACER\.m2\repository\com\fasterxml\jackson\dataformat\jackson-dataformat-yaml\2.15.3\jackson-dataformat-yaml-2.15.3.jar;C:\Users\ACER\.m2\repository\org\webjars\swagger-ui\5.2.0\swagger-ui-5.2.0.jar
Launcher Type: SUN_STANDARD

[Global flags]
     intx CICompilerCount                          = 4                                         {product} {ergonomic}
     uint ConcGCThreads                            = 2                                         {product} {ergonomic}
     uint G1ConcRefinementThreads                  = 8                                         {product} {ergonomic}
   size_t G1HeapRegionSize                         = 1048576                                   {product} {ergonomic}
    uintx GCDrainStackTargetSize                   = 64                                        {product} {ergonomic}
   size_t InitialHeapSize                          = 132120576                                 {product} {ergonomic}
     bool ManagementServer                         = true                                      {product} {command line}
   size_t MarkStackSize                            = 4194304                                   {product} {ergonomic}
   size_t MaxHeapSize                              = 2107637760                                {product} {ergonomic}
   size_t MaxNewSize                               = 1264582656                                {product} {ergonomic}
   size_t MinHeapDeltaBytes                        = 1048576                                   {product} {ergonomic}
   size_t MinHeapSize                              = 8388608                                   {product} {ergonomic}
    uintx NonNMethodCodeHeapSize                   = 4096                                   {pd product} {ergonomic}
    uintx NonProfiledCodeHeapSize                  = 0                                      {pd product} {ergonomic}
     bool ProfileInterpreter                       = false                                  {pd product} {command line}
    uintx ProfiledCodeHeapSize                     = 0                                      {pd product} {ergonomic}
   size_t SoftMaxHeapSize                          = 2107637760                             {manageable} {ergonomic}
     intx TieredStopAtLevel                        = 1                                         {product} {command line}
     bool UseCompressedOops                        = true                           {product lp64_product} {ergonomic}
     bool UseG1GC                                  = true                                      {product} {ergonomic}
     bool UseLargePagesIndividualAllocation        = false                                  {pd product} {ergonomic}

Logging:
Log output configuration:
 #0: stdout all=warning uptime,level,tags foldmultilines=false
 #1: stderr all=off uptime,level,tags foldmultilines=false

Environment Variables:
PATH=C:\Program Files (x86)\Common Files\Oracle\Java\javapath;D:\Users\ACER\AppData\Local\java\jdk-11.0.1\bin;C:\Program Files\Python311\Scripts\;C:\Program Files\Python311\;C:\WINDOWS\system32;C:\WINDOWS;C:\WINDOWS\System32\Wbem;C:\WINDOWS\System32\WindowsPowerShell\v1.0\;C:\WINDOWS\System32\OpenSSH\;C:\Program Files (x86)\NVIDIA Corporation\PhysX\Common;C:\Program Files\NVIDIA Corporation\NVIDIA NvDLISR;C:\Program Files\Git\cmd;C:\Program Files (x86)\Microsoft SQL Server\160\Tools\Binn\;C:\Program Files\Microsoft SQL Server\160\Tools\Binn\;C:\Program Files\Microsoft SQL Server\Client SDK\ODBC\170\Tools\Binn\;C:\Program Files\Microsoft SQL Server\160\DTS\Binn\;C:\Program Files\MongoDB\Server\6.0\bin;C:\Program Files\nodejs\;C:\Program Files (x86)\Yarn\bin;D:\Users\ACER\AppData\Local\Android\Sdk\platform-tools;D:\Downloads\apache-maven-3.9.5-bin\apache-maven-3.9.5\bin;D:\Downloads\jakartaee-migration-1.0.7-bin\jakartaee-migration-1.0.7\bin;C:\Program Files\Docker\Docker\resources\bin;C:\Users\ACER\AppData\Local\Microsoft\WindowsApps;C:\Users\ACER\AppData\Local\Programs\Microsoft VS Code\bin;C:\Program Files\Azure Data Studio\bin;C:\Users\ACER\AppData\Local\GitHubDesktop\bin;C:\Users\ACER\AppData\Roaming\npm;C:\Program Files (x86)\Yarn\bin;;C:\Program Files\JetBrains\IntelliJ IDEA Educational Edition 2022.2.2\bin;;D:\IntelliJ IDEA Community Edition 2023.2.2\bin;;D:\Downloads\IntelliJ IDEA 2023.2.2\bin;
USERNAME=ACER
OS=Windows_NT
PROCESSOR_IDENTIFIER=Intel64 Family 6 Model 158 Stepping 10, GenuineIntel
TMP=C:\Users\ACER\AppData\Local\Temp
TEMP=C:\Users\ACER\AppData\Local\Temp




Periodic native trim disabled

---------------  S Y S T E M  ---------------

OS:
 Windows 11 , 64 bit Build 22621 (10.0.22621.2428)
OS uptime: 6 days 5:05 hours
Hyper-V role detected

CPU: total 8 (initial active 8) (4 cores per cpu, 2 threads per core) family 6 model 158 stepping 10 microcode 0xde, cx8, cmov, fxsr, ht, mmx, 3dnowpref, sse, sse2, sse3, ssse3, sse4.1, sse4.2, popcnt, lzcnt, tsc, tscinvbit, avx, avx2, aes, erms, clmul, bmi1, bmi2, adx, fma, vzeroupper, clflush, clflushopt, hv, rdtscp, f16c
Processor Information for all 8 processors :
  Max Mhz: 2304, Current Mhz: 2304, Mhz Limit: 2304

Memory: 4k page, system-wide physical 8034M (434M free)
TotalPageFile size 16226M (AvailPageFile size 6M)
current process WorkingSet (physical memory assigned to process): 194M, peak: 194M
current process commit charge ("private bytes"): 236M, peak: 248M

vm_info: OpenJDK 64-Bit Server VM (21.0.1+12-29) for windows-amd64 JRE (21.0.1+12-29), built on 2023-10-05T13:27:09Z by "mach5one" with MS VC++ 17.1 (VS2022)

END.
