#
# There is insufficient memory for the Java Runtime Environment to continue.
# Native memory allocation (malloc) failed to allocate 1070448 bytes for Chunk::new
# Possible reasons:
#   The system is out of physical RAM or swap space
#   The process is running with CompressedOops enabled, and the Java Heap may be blocking the growth of the native heap
# Possible solutions:
#   Reduce memory load on the system
#   Increase physical memory or swap space
#   Check if swap backing store is full
#   Decrease Java heap size (-Xmx/-Xms)
#   Decrease number of Java threads
#   Decrease Java thread stack sizes (-Xss)
#   Set larger code cache with -XX:ReservedCodeCacheSize=
#   JVM is running with Unscaled Compressed Oops mode in which the Java heap is
#     placed in the first 4GB address space. The Java Heap base address is the
#     maximum limit for the native heap growth. Please use -XX:HeapBaseMinAddress
#     to set the Java Heap base and to place the Java Heap above 4GB virtual address.
# This output file may be truncated or incomplete.
#
#  Out of Memory Error (arena.cpp:168), pid=22472, tid=9416
#
# JRE version: OpenJDK Runtime Environment (21.0.1+12) (build 21.0.1+12-29)
# Java VM: OpenJDK 64-Bit Server VM (21.0.1+12-29, mixed mode, sharing, tiered, compressed oops, compressed class ptrs, g1 gc, windows-amd64)
# No core dump will be written. Minidumps are not enabled by default on client versions of Windows
#

---------------  S U M M A R Y ------------

Command Line: C:\Users\ACER\AppData\Local\Temp\surefire7602220479682682513\surefirebooter-20231122110350253_3.jar C:\Users\ACER\AppData\Local\Temp\surefire7602220479682682513 2023-11-22T11-03-50_047-jvmRun1 surefire-20231122110350253_1tmp surefire_0-20231122110350253_2tmp

Host: Intel(R) Core(TM) i5-8300H CPU @ 2.30GHz, 8 cores, 7G,  Windows 11 , 64 bit Build 22621 (10.0.22621.2428)
Time: Wed Nov 22 11:04:12 2023 Morocco Daylight Time elapsed time: 21.992945 seconds (0d 0h 0m 21s)

---------------  T H R E A D  ---------------

Current thread (0x0000013c68ecd6d0):  JavaThread "C2 CompilerThread0" daemon [_thread_in_native, id=9416, stack(0x0000001d6e000000,0x0000001d6e100000) (1024K)]


Current CompileTask:
C2:  21992 6764       4       org.springframework.core.annotation.AnnotatedElementUtils::getMergedAnnotationAttributes (22 bytes)

Stack: [0x0000001d6e000000,0x0000001d6e100000]
Native frames: (J=compiled Java code, j=interpreted, Vv=VM code, C=native code)
V  [jvm.dll+0x6c9029]
V  [jvm.dll+0x854b81]
V  [jvm.dll+0x856e5e]
V  [jvm.dll+0x857543]
V  [jvm.dll+0x280c06]
V  [jvm.dll+0xc3ead]
V  [jvm.dll+0xc43c3]
V  [jvm.dll+0x3b576c]
V  [jvm.dll+0x1e20b9]
V  [jvm.dll+0x249c22]
V  [jvm.dll+0x2490b1]
V  [jvm.dll+0x1c9ca1]
V  [jvm.dll+0x2586b9]
V  [jvm.dll+0x256c9a]
V  [jvm.dll+0x3ef1b6]
V  [jvm.dll+0x7fd728]
V  [jvm.dll+0x6c777d]
C  [ucrtbase.dll+0x29363]
C  [KERNEL32.DLL+0x1257d]
C  [ntdll.dll+0x5aa78]


---------------  P R O C E S S  ---------------

Threads class SMR info:
_java_thread_list=0x0000013c72bf3190, length=16, elements={
0x0000013c4a26d800, 0x0000013c68ec55b0, 0x0000013c68ec6a90, 0x0000013c68ec8a10,
0x0000013c68ecb480, 0x0000013c68ecbee0, 0x0000013c68ecc940, 0x0000013c68ecd6d0,
0x0000013c68ee0720, 0x0000013c6d236900, 0x0000013c6d259300, 0x0000013c6d42e280,
0x0000013c6d6ce2f0, 0x0000013c6d358860, 0x0000013c70d919c0, 0x0000013c6fa1f030
}

Java Threads: ( => current thread )
  0x0000013c4a26d800 JavaThread "main"                              [_thread_in_native, id=8704, stack(0x0000001d6d200000,0x0000001d6d300000) (1024K)]
  0x0000013c68ec55b0 JavaThread "Reference Handler"          daemon [_thread_blocked, id=11244, stack(0x0000001d6da00000,0x0000001d6db00000) (1024K)]
  0x0000013c68ec6a90 JavaThread "Finalizer"                  daemon [_thread_blocked, id=23452, stack(0x0000001d6db00000,0x0000001d6dc00000) (1024K)]
  0x0000013c68ec8a10 JavaThread "Signal Dispatcher"          daemon [_thread_blocked, id=1648, stack(0x0000001d6dc00000,0x0000001d6dd00000) (1024K)]
  0x0000013c68ecb480 JavaThread "Attach Listener"            daemon [_thread_blocked, id=21856, stack(0x0000001d6dd00000,0x0000001d6de00000) (1024K)]
  0x0000013c68ecbee0 JavaThread "Service Thread"             daemon [_thread_blocked, id=17740, stack(0x0000001d6de00000,0x0000001d6df00000) (1024K)]
  0x0000013c68ecc940 JavaThread "Monitor Deflation Thread"   daemon [_thread_blocked, id=23060, stack(0x0000001d6df00000,0x0000001d6e000000) (1024K)]
=>0x0000013c68ecd6d0 JavaThread "C2 CompilerThread0"         daemon [_thread_in_native, id=9416, stack(0x0000001d6e000000,0x0000001d6e100000) (1024K)]
  0x0000013c68ee0720 JavaThread "C1 CompilerThread0"         daemon [_thread_blocked, id=27576, stack(0x0000001d6e100000,0x0000001d6e200000) (1024K)]
  0x0000013c6d236900 JavaThread "Notification Thread"        daemon [_thread_blocked, id=24168, stack(0x0000001d6e200000,0x0000001d6e300000) (1024K)]
  0x0000013c6d259300 JavaThread "Common-Cleaner"             daemon [_thread_blocked, id=11788, stack(0x0000001d6e300000,0x0000001d6e400000) (1024K)]
  0x0000013c6d42e280 JavaThread "surefire-forkedjvm-stream-flusher" daemon [_thread_blocked, id=15760, stack(0x0000001d6e400000,0x0000001d6e500000) (1024K)]
  0x0000013c6d6ce2f0 JavaThread "surefire-forkedjvm-command-thread" daemon [_thread_in_native, id=8060, stack(0x0000001d6e500000,0x0000001d6e600000) (1024K)]
  0x0000013c6d358860 JavaThread "PostgreSQL-JDBC-Cleaner"    daemon [_thread_blocked, id=24948, stack(0x0000001d6f000000,0x0000001d6f100000) (1024K)]
  0x0000013c70d919c0 JavaThread "HikariPool-1 housekeeper"   daemon [_thread_blocked, id=23864, stack(0x0000001d6f100000,0x0000001d6f200000) (1024K)]
  0x0000013c6fa1f030 JavaThread "C2 CompilerThread1"         daemon [_thread_in_native, id=15960, stack(0x0000001d6ee00000,0x0000001d6ef00000) (1024K)]
Total: 16

Other Threads:
  0x0000013c4a251770 VMThread "VM Thread"                           [id=6780, stack(0x0000001d6d900000,0x0000001d6da00000) (1024K)]
  0x0000013c68e8e7a0 WatcherThread "VM Periodic Task Thread"        [id=10812, stack(0x0000001d6d800000,0x0000001d6d900000) (1024K)]
  0x0000013c4a251030 WorkerThread "GC Thread#0"                     [id=6900, stack(0x0000001d6d300000,0x0000001d6d400000) (1024K)]
  0x0000013c4a250c90 WorkerThread "GC Thread#1"                     [id=27332, stack(0x0000001d6e600000,0x0000001d6e700000) (1024K)]
  0x0000013c4a251b10 WorkerThread "GC Thread#2"                     [id=13636, stack(0x0000001d6e700000,0x0000001d6e800000) (1024K)]
  0x0000013c6dffd840 WorkerThread "GC Thread#3"                     [id=25332, stack(0x0000001d6e800000,0x0000001d6e900000) (1024K)]
  0x0000013c6dfff8e0 WorkerThread "GC Thread#4"                     [id=23012, stack(0x0000001d6e900000,0x0000001d6ea00000) (1024K)]
  0x0000013c6dffd100 WorkerThread "GC Thread#5"                     [id=25688, stack(0x0000001d6ea00000,0x0000001d6eb00000) (1024K)]
  0x0000013c6dffdbe0 WorkerThread "GC Thread#6"                     [id=16444, stack(0x0000001d6eb00000,0x0000001d6ec00000) (1024K)]
  0x0000013c6dffea60 WorkerThread "GC Thread#7"                     [id=14196, stack(0x0000001d6ec00000,0x0000001d6ed00000) (1024K)]
  0x0000013c4c639810 ConcurrentGCThread "G1 Main Marker"            [id=14708, stack(0x0000001d6d400000,0x0000001d6d500000) (1024K)]
  0x0000013c4a250550 WorkerThread "G1 Conc#0"                       [id=17412, stack(0x0000001d6d500000,0x0000001d6d600000) (1024K)]
  0x0000013c6dfffc80 WorkerThread "G1 Conc#1"                       [id=25944, stack(0x0000001d6ef00000,0x0000001d6f000000) (1024K)]
  0x0000013c4c69d720 ConcurrentGCThread "G1 Refine#0"               [id=21364, stack(0x0000001d6d600000,0x0000001d6d700000) (1024K)]
  0x0000013c4c69e290 ConcurrentGCThread "G1 Service"                [id=18704, stack(0x0000001d6d700000,0x0000001d6d800000) (1024K)]
Total: 15

Threads with active compile tasks:
C2 CompilerThread0    22031 6764       4       org.springframework.core.annotation.AnnotatedElementUtils::getMergedAnnotationAttributes (22 bytes)
C2 CompilerThread1    22031 6920       4       org.springframework.core.ResolvableType::hasGenerics (14 bytes)
Total: 2

VM state: not at safepoint (normal execution)

VM Mutex/Monitor currently owned by a thread: None

Heap address: 0x0000000082600000, size: 2010 MB, Compressed Oops mode: 32-bit

CDS archive(s) mapped at: [0x0000013c00000000-0x0000013c00c90000-0x0000013c00c90000), size 13172736, SharedBaseAddress: 0x0000013c00000000, ArchiveRelocationMode: 1.
Compressed class space mapped at: 0x0000013c01000000-0x0000013c41000000, reserved size: 1073741824
Narrow klass base: 0x0000013c00000000, Narrow klass shift: 0, Narrow klass range: 0x100000000

GC Precious Log:
 CardTable entry size: 512
 Card Set container configuration: InlinePtr #cards 5 size 8 Array Of Cards #cards 12 size 40 Howl #buckets 4 coarsen threshold 1843 Howl Bitmap #cards 512 size 80 coarsen threshold 460 Card regions per heap region 1 cards per card region 2048
 CPUs: 8 total, 8 available
 Memory: 8034M
 Large Page Support: Disabled
 NUMA Support: Disabled
 Compressed Oops: Enabled (32-bit)
 Heap Region Size: 1M
 Heap Min Capacity: 8M
 Heap Initial Capacity: 126M
 Heap Max Capacity: 2010M
 Pre-touch: Disabled
 Parallel Workers: 8
 Concurrent Workers: 2
 Concurrent Refinement Workers: 8
 Periodic GC: Disabled

Heap:
 garbage-first heap   total 66560K, used 45056K [0x0000000082600000, 0x0000000100000000)
  region size 1024K, 13 young (13312K), 3 survivors (3072K)
 Metaspace       used 69674K, committed 70528K, reserved 1114112K
  class space    used 9606K, committed 9984K, reserved 1048576K

Heap Regions: E=young(eden), S=young(survivor), O=old, HS=humongous(starts), HC=humongous(continues), CS=collection set, F=free, TAMS=top-at-mark-start, PB=parsable bottom
|   0|0x0000000082600000, 0x0000000082700000, 0x0000000082700000|100%|HS|  |TAMS 0x0000000082600000| PB 0x0000000082600000| Complete 
|   1|0x0000000082700000, 0x0000000082800000, 0x0000000082800000|100%| O|  |TAMS 0x0000000082700000| PB 0x0000000082700000| Untracked 
|   2|0x0000000082800000, 0x0000000082900000, 0x0000000082900000|100%| O|  |TAMS 0x0000000082800000| PB 0x0000000082800000| Untracked 
|   3|0x0000000082900000, 0x0000000082a00000, 0x0000000082a00000|100%| O|  |TAMS 0x0000000082900000| PB 0x0000000082900000| Untracked 
|   4|0x0000000082a00000, 0x0000000082b00000, 0x0000000082b00000|100%| O|  |TAMS 0x0000000082a00000| PB 0x0000000082a00000| Untracked 
|   5|0x0000000082b00000, 0x0000000082c00000, 0x0000000082c00000|100%| O|  |TAMS 0x0000000082b00000| PB 0x0000000082b00000| Untracked 
|   6|0x0000000082c00000, 0x0000000082d00000, 0x0000000082d00000|100%| O|  |TAMS 0x0000000082c00000| PB 0x0000000082c00000| Untracked 
|   7|0x0000000082d00000, 0x0000000082e00000, 0x0000000082e00000|100%| O|  |TAMS 0x0000000082d00000| PB 0x0000000082d00000| Untracked 
|   8|0x0000000082e00000, 0x0000000082f00000, 0x0000000082f00000|100%| O|  |TAMS 0x0000000082e00000| PB 0x0000000082e00000| Untracked 
|   9|0x0000000082f00000, 0x0000000083000000, 0x0000000083000000|100%| O|  |TAMS 0x0000000082f00000| PB 0x0000000082f00000| Untracked 
|  10|0x0000000083000000, 0x0000000083100000, 0x0000000083100000|100%| O|  |TAMS 0x0000000083000000| PB 0x0000000083000000| Untracked 
|  11|0x0000000083100000, 0x0000000083200000, 0x0000000083200000|100%| O|  |TAMS 0x0000000083100000| PB 0x0000000083100000| Untracked 
|  12|0x0000000083200000, 0x0000000083300000, 0x0000000083300000|100%| O|  |TAMS 0x0000000083200000| PB 0x0000000083200000| Untracked 
|  13|0x0000000083300000, 0x0000000083400000, 0x0000000083400000|100%| O|  |TAMS 0x0000000083300000| PB 0x0000000083300000| Untracked 
|  14|0x0000000083400000, 0x0000000083500000, 0x0000000083500000|100%| O|  |TAMS 0x0000000083400000| PB 0x0000000083400000| Untracked 
|  15|0x0000000083500000, 0x0000000083600000, 0x0000000083600000|100%| O|Cm|TAMS 0x0000000083500000| PB 0x0000000083500000| Complete 
|  16|0x0000000083600000, 0x0000000083700000, 0x0000000083700000|100%| O|  |TAMS 0x0000000083600000| PB 0x0000000083600000| Untracked 
|  17|0x0000000083700000, 0x0000000083800000, 0x0000000083800000|100%| O|  |TAMS 0x0000000083700000| PB 0x0000000083700000| Untracked 
|  18|0x0000000083800000, 0x0000000083900000, 0x0000000083900000|100%| O|  |TAMS 0x0000000083800000| PB 0x0000000083800000| Untracked 
|  19|0x0000000083900000, 0x0000000083a00000, 0x0000000083a00000|100%| O|  |TAMS 0x0000000083900000| PB 0x0000000083900000| Untracked 
|  20|0x0000000083a00000, 0x0000000083b00000, 0x0000000083b00000|100%| O|  |TAMS 0x0000000083a00000| PB 0x0000000083a00000| Untracked 
|  21|0x0000000083b00000, 0x0000000083c00000, 0x0000000083c00000|100%| O|  |TAMS 0x0000000083b00000| PB 0x0000000083b00000| Untracked 
|  22|0x0000000083c00000, 0x0000000083d00000, 0x0000000083d00000|100%| O|  |TAMS 0x0000000083c00000| PB 0x0000000083c00000| Untracked 
|  23|0x0000000083d00000, 0x0000000083e00000, 0x0000000083e00000|100%| O|  |TAMS 0x0000000083d00000| PB 0x0000000083d00000| Untracked 
|  24|0x0000000083e00000, 0x0000000083f00000, 0x0000000083f00000|100%| O|  |TAMS 0x0000000083e00000| PB 0x0000000083e00000| Untracked 
|  25|0x0000000083f00000, 0x0000000084000000, 0x0000000084000000|100%| O|  |TAMS 0x0000000083f00000| PB 0x0000000083f00000| Untracked 
|  26|0x0000000084000000, 0x0000000084100000, 0x0000000084100000|100%| O|  |TAMS 0x0000000084000000| PB 0x0000000084000000| Untracked 
|  27|0x0000000084100000, 0x0000000084200000, 0x0000000084200000|100%| O|  |TAMS 0x0000000084100000| PB 0x0000000084100000| Untracked 
|  28|0x0000000084200000, 0x0000000084300000, 0x0000000084300000|100%| O|  |TAMS 0x0000000084200000| PB 0x0000000084200000| Untracked 
|  29|0x0000000084300000, 0x0000000084400000, 0x0000000084400000|100%| O|  |TAMS 0x0000000084300000| PB 0x0000000084300000| Untracked 
|  30|0x0000000084400000, 0x0000000084400000, 0x0000000084500000|  0%| F|  |TAMS 0x0000000084400000| PB 0x0000000084400000| Untracked 
|  31|0x0000000084500000, 0x0000000084500000, 0x0000000084600000|  0%| F|  |TAMS 0x0000000084500000| PB 0x0000000084500000| Untracked 
|  32|0x0000000084600000, 0x0000000084600000, 0x0000000084700000|  0%| F|  |TAMS 0x0000000084600000| PB 0x0000000084600000| Untracked 
|  33|0x0000000084700000, 0x0000000084700000, 0x0000000084800000|  0%| F|  |TAMS 0x0000000084700000| PB 0x0000000084700000| Untracked 
|  34|0x0000000084800000, 0x0000000084900000, 0x0000000084900000|100%| O|  |TAMS 0x0000000084800000| PB 0x0000000084800000| Untracked 
|  35|0x0000000084900000, 0x0000000084a00000, 0x0000000084a00000|100%| O|  |TAMS 0x0000000084900000| PB 0x0000000084900000| Untracked 
|  36|0x0000000084a00000, 0x0000000084a00000, 0x0000000084b00000|  0%| F|  |TAMS 0x0000000084a00000| PB 0x0000000084a00000| Untracked 
|  37|0x0000000084b00000, 0x0000000084c00000, 0x0000000084c00000|100%| S|CS|TAMS 0x0000000084b00000| PB 0x0000000084b00000| Complete 
|  38|0x0000000084c00000, 0x0000000084d00000, 0x0000000084d00000|100%| S|CS|TAMS 0x0000000084c00000| PB 0x0000000084c00000| Complete 
|  39|0x0000000084d00000, 0x0000000084e00000, 0x0000000084e00000|100%| S|CS|TAMS 0x0000000084d00000| PB 0x0000000084d00000| Complete 
|  40|0x0000000084e00000, 0x0000000084e00000, 0x0000000084f00000|  0%| F|  |TAMS 0x0000000084e00000| PB 0x0000000084e00000| Untracked 
|  41|0x0000000084f00000, 0x0000000084f00000, 0x0000000085000000|  0%| F|  |TAMS 0x0000000084f00000| PB 0x0000000084f00000| Untracked 
|  42|0x0000000085000000, 0x0000000085000000, 0x0000000085100000|  0%| F|  |TAMS 0x0000000085000000| PB 0x0000000085000000| Untracked 
|  43|0x0000000085100000, 0x0000000085100000, 0x0000000085200000|  0%| F|  |TAMS 0x0000000085100000| PB 0x0000000085100000| Untracked 
|  44|0x0000000085200000, 0x0000000085200000, 0x0000000085300000|  0%| F|  |TAMS 0x0000000085200000| PB 0x0000000085200000| Untracked 
|  45|0x0000000085300000, 0x0000000085300000, 0x0000000085400000|  0%| F|  |TAMS 0x0000000085300000| PB 0x0000000085300000| Untracked 
|  46|0x0000000085400000, 0x0000000085400000, 0x0000000085500000|  0%| F|  |TAMS 0x0000000085400000| PB 0x0000000085400000| Untracked 
|  47|0x0000000085500000, 0x0000000085500000, 0x0000000085600000|  0%| F|  |TAMS 0x0000000085500000| PB 0x0000000085500000| Untracked 
|  48|0x0000000085600000, 0x0000000085600000, 0x0000000085700000|  0%| F|  |TAMS 0x0000000085600000| PB 0x0000000085600000| Untracked 
|  49|0x0000000085700000, 0x0000000085700000, 0x0000000085800000|  0%| F|  |TAMS 0x0000000085700000| PB 0x0000000085700000| Untracked 
|  50|0x0000000085800000, 0x0000000085800000, 0x0000000085900000|  0%| F|  |TAMS 0x0000000085800000| PB 0x0000000085800000| Untracked 
|  51|0x0000000085900000, 0x0000000085900000, 0x0000000085a00000|  0%| F|  |TAMS 0x0000000085900000| PB 0x0000000085900000| Untracked 
|  52|0x0000000085a00000, 0x0000000085a00000, 0x0000000085b00000|  0%| F|  |TAMS 0x0000000085a00000| PB 0x0000000085a00000| Untracked 
|  53|0x0000000085b00000, 0x0000000085b00000, 0x0000000085c00000|  0%| F|  |TAMS 0x0000000085b00000| PB 0x0000000085b00000| Untracked 
|  54|0x0000000085c00000, 0x0000000085c00000, 0x0000000085d00000|  0%| F|  |TAMS 0x0000000085c00000| PB 0x0000000085c00000| Untracked 
|  55|0x0000000085d00000, 0x0000000085d80800, 0x0000000085e00000| 50%| E|  |TAMS 0x0000000085d00000| PB 0x0000000085d00000| Complete 
|  56|0x0000000085e00000, 0x0000000085f00000, 0x0000000085f00000|100%| E|CS|TAMS 0x0000000085e00000| PB 0x0000000085e00000| Complete 
|  57|0x0000000085f00000, 0x0000000086000000, 0x0000000086000000|100%| E|CS|TAMS 0x0000000085f00000| PB 0x0000000085f00000| Complete 
|  81|0x0000000087700000, 0x0000000087800000, 0x0000000087800000|100%| E|CS|TAMS 0x0000000087700000| PB 0x0000000087700000| Complete 
|  82|0x0000000087800000, 0x0000000087900000, 0x0000000087900000|100%| E|CS|TAMS 0x0000000087800000| PB 0x0000000087800000| Complete 
|  83|0x0000000087900000, 0x0000000087a00000, 0x0000000087a00000|100%| E|CS|TAMS 0x0000000087900000| PB 0x0000000087900000| Complete 
|  84|0x0000000087a00000, 0x0000000087b00000, 0x0000000087b00000|100%| E|CS|TAMS 0x0000000087a00000| PB 0x0000000087a00000| Complete 
|  85|0x0000000087b00000, 0x0000000087c00000, 0x0000000087c00000|100%| E|CS|TAMS 0x0000000087b00000| PB 0x0000000087b00000| Complete 
| 124|0x000000008a200000, 0x000000008a300000, 0x000000008a300000|100%| E|CS|TAMS 0x000000008a200000| PB 0x000000008a200000| Complete 
| 125|0x000000008a300000, 0x000000008a400000, 0x000000008a400000|100%| E|CS|TAMS 0x000000008a300000| PB 0x000000008a300000| Complete 

Card table byte_map: [0x0000013c64150000,0x0000013c64540000] _byte_map_base: 0x0000013c63d3d000

Marking Bits: (CMBitMap*) 0x0000013c4c629240
 Bits: [0x0000013c64540000, 0x0000013c664a8000)

Polling page: 0x0000013c4a530000

Metaspace:

Usage:
  Non-class:     58.66 MB used.
      Class:      9.38 MB used.
       Both:     68.04 MB used.

Virtual space:
  Non-class space:       64.00 MB reserved,      59.12 MB ( 92%) committed,  1 nodes.
      Class space:        1.00 GB reserved,       9.75 MB ( <1%) committed,  1 nodes.
             Both:        1.06 GB reserved,      68.88 MB (  6%) committed. 

Chunk freelists:
   Non-Class:  4.06 MB
       Class:  6.19 MB
        Both:  10.25 MB

MaxMetaspaceSize: unlimited
CompressedClassSpaceSize: 1.00 GB
Initial GC threshold: 21.00 MB
Current GC threshold: 112.81 MB
CDS: on
 - commit_granule_bytes: 65536.
 - commit_granule_words: 8192.
 - virtual_space_node_default_size: 8388608.
 - enlarge_chunks_in_place: 1.
 - use_allocation_guard: 0.


Internal statistics:

num_allocs_failed_limit: 9.
num_arena_births: 1300.
num_arena_deaths: 0.
num_vsnodes_births: 2.
num_vsnodes_deaths: 0.
num_space_committed: 1102.
num_space_uncommitted: 0.
num_chunks_returned_to_freelist: 9.
num_chunks_taken_from_freelist: 3969.
num_chunk_merges: 9.
num_chunk_splits: 2787.
num_chunks_enlarged: 2089.
num_inconsistent_stats: 0.

CodeHeap 'non-profiled nmethods': size=120000Kb used=4042Kb max_used=4042Kb free=115957Kb
 bounds [0x0000013c5c4f0000, 0x0000013c5c900000, 0x0000013c63a20000]
CodeHeap 'profiled nmethods': size=120000Kb used=11813Kb max_used=12596Kb free=108186Kb
 bounds [0x0000013c54a20000, 0x0000013c55670000, 0x0000013c5bf50000]
CodeHeap 'non-nmethods': size=5760Kb used=1659Kb max_used=1740Kb free=4100Kb
 bounds [0x0000013c5bf50000, 0x0000013c5c1c0000, 0x0000013c5c4f0000]
 total_blobs=6946 nmethods=6249 adapters=600
 compilation: enabled
              stopped_count=0, restarted_count=0
 full_count=0

Compilation events (20 events):
Event: 21.730 Thread 0x0000013c6fa1f030 nmethod 6919 0x0000013c5c79c210 code [0x0000013c5c79c3a0, 0x0000013c5c79c448]
Event: 21.730 Thread 0x0000013c6fa1f030 7212       4       org.springframework.boot.autoconfigure.condition.ConditionEvaluationReport$$Lambda/0x0000013c019b4ae8::accept (20 bytes)
Event: 21.735 Thread 0x0000013c6fa1f030 nmethod 7212 0x0000013c5c80d290 code [0x0000013c5c80d460, 0x0000013c5c80d858]
Event: 21.735 Thread 0x0000013c6fa1f030 7213       4       org.springframework.boot.autoconfigure.condition.ConditionEvaluationReport::lambda$addNoMatchOutcomeToAncestors$1 (41 bytes)
Event: 21.739 Thread 0x0000013c6fa1f030 nmethod 7213 0x0000013c5c79b990 code [0x0000013c5c79bb40, 0x0000013c5c79be58]
Event: 21.739 Thread 0x0000013c6fa1f030 6921       4       org.springframework.core.ResolvableType::isInstance (21 bytes)
Event: 21.744 Thread 0x0000013c6fa1f030 nmethod 6921 0x0000013c5c833c10 code [0x0000013c5c833e00, 0x0000013c5c834248]
Event: 21.744 Thread 0x0000013c6fa1f030 6920       4       org.springframework.core.ResolvableType::hasGenerics (14 bytes)
Event: 21.749 Thread 0x0000013c68ecd6d0 nmethod 7042 0x0000013c5c687710 code [0x0000013c5c687940, 0x0000013c5c688ae0]
Event: 21.749 Thread 0x0000013c68ecd6d0 6853       4       java.util.StringJoiner::checkAddLength (50 bytes)
Event: 21.750 Thread 0x0000013c68ecd6d0 nmethod 6853 0x0000013c5c833790 code [0x0000013c5c833920, 0x0000013c5c833a70]
Event: 21.750 Thread 0x0000013c68ecd6d0 7072       4       java.lang.invoke.Invokers::checkCustomized (23 bytes)
Event: 21.750 Thread 0x0000013c68ecd6d0 nmethod 7072 0x0000013c5c543d90 code [0x0000013c5c543f20, 0x0000013c5c543ff0]
Event: 21.750 Thread 0x0000013c68ecd6d0 7186       4       org.springframework.core.annotation.TypeMappedAnnotations$MergedAnnotationFinder::<init> (37 bytes)
Event: 21.753 Thread 0x0000013c68ecd6d0 nmethod 7186 0x0000013c5c543710 code [0x0000013c5c5438a0, 0x0000013c5c543d00]
Event: 21.754 Thread 0x0000013c68ecd6d0 6888       4       java.lang.invoke.DirectMethodHandle$Holder::invokeStatic (15 bytes)
Event: 21.754 Thread 0x0000013c68ecd6d0 nmethod 6888 0x0000013c5c543290 code [0x0000013c5c543420, 0x0000013c5c543508]
Event: 21.754 Thread 0x0000013c68ecd6d0 6548       4       org.springframework.boot.context.properties.source.SpringConfigurationPropertySources$SourcesIterator::fetchNext (139 bytes)
Event: 21.787 Thread 0x0000013c68ecd6d0 nmethod 6548 0x0000013c5c763290 code [0x0000013c5c763640, 0x0000013c5c764b10]
Event: 21.787 Thread 0x0000013c68ecd6d0 6764       4       org.springframework.core.annotation.AnnotatedElementUtils::getMergedAnnotationAttributes (22 bytes)

GC Heap History (20 events):
Event: 14.991 GC heap before
{Heap before GC invocations=7 (full 0):
 garbage-first heap   total 55296K, used 34675K [0x0000000082600000, 0x0000000100000000)
  region size 1024K, 19 young (19456K), 4 survivors (4096K)
 Metaspace       used 35659K, committed 36096K, reserved 1114112K
  class space    used 4704K, committed 4928K, reserved 1048576K
}
Event: 15.000 GC heap after
{Heap after GC invocations=8 (full 0):
 garbage-first heap   total 55296K, used 21499K [0x0000000082600000, 0x0000000100000000)
  region size 1024K, 1 young (1024K), 1 survivors (1024K)
 Metaspace       used 35659K, committed 36096K, reserved 1114112K
  class space    used 4704K, committed 4928K, reserved 1048576K
}
Event: 16.227 GC heap before
{Heap before GC invocations=9 (full 0):
 garbage-first heap   total 55296K, used 45051K [0x0000000082600000, 0x0000000100000000)
  region size 1024K, 25 young (25600K), 1 survivors (1024K)
 Metaspace       used 43311K, committed 43840K, reserved 1114112K
  class space    used 5750K, committed 6016K, reserved 1048576K
}
Event: 16.234 GC heap after
{Heap after GC invocations=10 (full 0):
 garbage-first heap   total 55296K, used 23506K [0x0000000082600000, 0x0000000100000000)
  region size 1024K, 3 young (3072K), 3 survivors (3072K)
 Metaspace       used 43311K, committed 43840K, reserved 1114112K
  class space    used 5750K, committed 6016K, reserved 1048576K
}
Event: 17.029 GC heap before
{Heap before GC invocations=10 (full 0):
 garbage-first heap   total 55296K, used 46034K [0x0000000082600000, 0x0000000100000000)
  region size 1024K, 26 young (26624K), 3 survivors (3072K)
 Metaspace       used 48369K, committed 48896K, reserved 1114112K
  class space    used 6385K, committed 6592K, reserved 1048576K
}
Event: 17.036 GC heap after
{Heap after GC invocations=11 (full 0):
 garbage-first heap   total 55296K, used 24770K [0x0000000082600000, 0x0000000100000000)
  region size 1024K, 4 young (4096K), 4 survivors (4096K)
 Metaspace       used 48369K, committed 48896K, reserved 1114112K
  class space    used 6385K, committed 6592K, reserved 1048576K
}
Event: 17.624 GC heap before
{Heap before GC invocations=11 (full 0):
 garbage-first heap   total 55296K, used 46274K [0x0000000082600000, 0x0000000100000000)
  region size 1024K, 25 young (25600K), 4 survivors (4096K)
 Metaspace       used 53726K, committed 54272K, reserved 1114112K
  class space    used 7314K, committed 7552K, reserved 1048576K
}
Event: 17.633 GC heap after
{Heap after GC invocations=12 (full 0):
 garbage-first heap   total 55296K, used 25503K [0x0000000082600000, 0x0000000100000000)
  region size 1024K, 3 young (3072K), 3 survivors (3072K)
 Metaspace       used 53726K, committed 54272K, reserved 1114112K
  class space    used 7314K, committed 7552K, reserved 1048576K
}
Event: 18.734 GC heap before
{Heap before GC invocations=12 (full 0):
 garbage-first heap   total 55296K, used 45983K [0x0000000082600000, 0x0000000100000000)
  region size 1024K, 24 young (24576K), 3 survivors (3072K)
 Metaspace       used 58085K, committed 58688K, reserved 1114112K
  class space    used 7919K, committed 8192K, reserved 1048576K
}
Event: 18.745 GC heap after
{Heap after GC invocations=13 (full 0):
 garbage-first heap   total 66560K, used 27543K [0x0000000082600000, 0x0000000100000000)
  region size 1024K, 3 young (3072K), 3 survivors (3072K)
 Metaspace       used 58085K, committed 58688K, reserved 1114112K
  class space    used 7919K, committed 8192K, reserved 1048576K
}
Event: 19.013 GC heap before
{Heap before GC invocations=13 (full 0):
 garbage-first heap   total 66560K, used 36759K [0x0000000082600000, 0x0000000100000000)
  region size 1024K, 13 young (13312K), 3 survivors (3072K)
 Metaspace       used 59876K, committed 60416K, reserved 1114112K
  class space    used 8152K, committed 8384K, reserved 1048576K
}
Event: 19.024 GC heap after
{Heap after GC invocations=14 (full 0):
 garbage-first heap   total 66560K, used 28560K [0x0000000082600000, 0x0000000100000000)
  region size 1024K, 4 young (4096K), 4 survivors (4096K)
 Metaspace       used 59876K, committed 60416K, reserved 1114112K
  class space    used 8152K, committed 8384K, reserved 1048576K
}
Event: 19.434 GC heap before
{Heap before GC invocations=15 (full 0):
 garbage-first heap   total 66560K, used 57232K [0x0000000082600000, 0x0000000100000000)
  region size 1024K, 32 young (32768K), 4 survivors (4096K)
 Metaspace       used 61273K, committed 61824K, reserved 1114112K
  class space    used 8422K, committed 8640K, reserved 1048576K
}
Event: 19.442 GC heap after
{Heap after GC invocations=16 (full 0):
 garbage-first heap   total 66560K, used 29697K [0x0000000082600000, 0x0000000100000000)
  region size 1024K, 3 young (3072K), 3 survivors (3072K)
 Metaspace       used 61273K, committed 61824K, reserved 1114112K
  class space    used 8422K, committed 8640K, reserved 1048576K
}
Event: 19.578 GC heap before
{Heap before GC invocations=16 (full 0):
 garbage-first heap   total 66560K, used 58369K [0x0000000082600000, 0x0000000100000000)
  region size 1024K, 31 young (31744K), 3 survivors (3072K)
 Metaspace       used 61507K, committed 62144K, reserved 1114112K
  class space    used 8446K, committed 8704K, reserved 1048576K
}
Event: 19.585 GC heap after
{Heap after GC invocations=17 (full 0):
 garbage-first heap   total 66560K, used 29765K [0x0000000082600000, 0x0000000100000000)
  region size 1024K, 2 young (2048K), 2 survivors (2048K)
 Metaspace       used 61507K, committed 62144K, reserved 1114112K
  class space    used 8446K, committed 8704K, reserved 1048576K
}
Event: 20.396 GC heap before
{Heap before GC invocations=17 (full 0):
 garbage-first heap   total 66560K, used 59461K [0x0000000082600000, 0x0000000100000000)
  region size 1024K, 31 young (31744K), 2 survivors (2048K)
 Metaspace       used 64811K, committed 65536K, reserved 1114112K
  class space    used 8938K, committed 9280K, reserved 1048576K
}
Event: 20.409 GC heap after
{Heap after GC invocations=18 (full 0):
 garbage-first heap   total 66560K, used 32590K [0x0000000082600000, 0x0000000100000000)
  region size 1024K, 4 young (4096K), 4 survivors (4096K)
 Metaspace       used 64811K, committed 65536K, reserved 1114112K
  class space    used 8938K, committed 9280K, reserved 1048576K
}
Event: 21.257 GC heap before
{Heap before GC invocations=18 (full 0):
 garbage-first heap   total 66560K, used 58190K [0x0000000082600000, 0x0000000100000000)
  region size 1024K, 29 young (29696K), 4 survivors (4096K)
 Metaspace       used 68486K, committed 69312K, reserved 1114112K
  class space    used 9426K, committed 9792K, reserved 1048576K
}
Event: 21.274 GC heap after
{Heap after GC invocations=19 (full 0):
 garbage-first heap   total 66560K, used 35840K [0x0000000082600000, 0x0000000100000000)
  region size 1024K, 3 young (3072K), 3 survivors (3072K)
 Metaspace       used 68486K, committed 69312K, reserved 1114112K
  class space    used 9426K, committed 9792K, reserved 1048576K
}

Dll operation events (10 events):
Event: 0.013 Loaded shared library C:\Users\ACER\.jdks\openjdk-21.0.1\bin\java.dll
Event: 0.058 Loaded shared library C:\Users\ACER\.jdks\openjdk-21.0.1\bin\jsvml.dll
Event: 0.081 Loaded shared library C:\Users\ACER\.jdks\openjdk-21.0.1\bin\net.dll
Event: 0.083 Loaded shared library C:\Users\ACER\.jdks\openjdk-21.0.1\bin\nio.dll
Event: 0.087 Loaded shared library C:\Users\ACER\.jdks\openjdk-21.0.1\bin\zip.dll
Event: 0.147 Loaded shared library C:\Users\ACER\.jdks\openjdk-21.0.1\bin\management.dll
Event: 0.153 Loaded shared library C:\Users\ACER\.jdks\openjdk-21.0.1\bin\management_ext.dll
Event: 0.177 Loaded shared library C:\Users\ACER\.jdks\openjdk-21.0.1\bin\jimage.dll
Event: 15.006 Loaded shared library C:\Users\ACER\.jdks\openjdk-21.0.1\bin\verify.dll
Event: 15.331 Loaded shared library C:\Users\ACER\.jdks\openjdk-21.0.1\bin\extnet.dll

Deoptimization events (20 events):
Event: 21.529 Thread 0x0000013c4a26d800 Uncommon trap: trap_request=0xffffffde fr.pc=0x0000013c5c86b010 relative=0x00000000000008f0
Event: 21.529 Thread 0x0000013c4a26d800 Uncommon trap: reason=class_check action=maybe_recompile pc=0x0000013c5c86b010 method=org.springframework.core.annotation.AnnotationsScanner.isWithoutHierarchy(Ljava/lang/reflect/AnnotatedElement;Lorg/springframework/core/annotation/MergedAnnotations$Sear
Event: 21.529 Thread 0x0000013c4a26d800 DEOPT PACKING pc=0x0000013c5c86b010 sp=0x0000001d6d2fd240
Event: 21.529 Thread 0x0000013c4a26d800 DEOPT UNPACKING pc=0x0000013c5bfa46a2 sp=0x0000001d6d2fd0e0 mode 2
Event: 21.530 Thread 0x0000013c4a26d800 Uncommon trap: trap_request=0xffffffc6 fr.pc=0x0000013c5c67450c relative=0x00000000000005cc
Event: 21.530 Thread 0x0000013c4a26d800 Uncommon trap: reason=bimorphic_or_optimized_type_check action=maybe_recompile pc=0x0000013c5c67450c method=org.springframework.core.annotation.AnnotationsScanner.processMethodInheritedAnnotations(Ljava/lang/Object;Ljava/lang/reflect/Method;Lorg/springfra
Event: 21.530 Thread 0x0000013c4a26d800 DEOPT PACKING pc=0x0000013c5c67450c sp=0x0000001d6d2fd0f0
Event: 21.530 Thread 0x0000013c4a26d800 DEOPT UNPACKING pc=0x0000013c5bfa46a2 sp=0x0000001d6d2fd078 mode 2
Event: 21.530 Thread 0x0000013c4a26d800 Uncommon trap: trap_request=0xffffffc6 fr.pc=0x0000013c5c6aa080 relative=0x0000000000000b80
Event: 21.530 Thread 0x0000013c4a26d800 Uncommon trap: reason=bimorphic_or_optimized_type_check action=maybe_recompile pc=0x0000013c5c6aa080 method=org.springframework.core.annotation.AnnotationsScanner.processMethodAnnotations(Ljava/lang/Object;ILjava/lang/reflect/Method;Lorg/springframework/c
Event: 21.530 Thread 0x0000013c4a26d800 DEOPT PACKING pc=0x0000013c5c6aa080 sp=0x0000001d6d2fcfe0
Event: 21.530 Thread 0x0000013c4a26d800 DEOPT UNPACKING pc=0x0000013c5bfa46a2 sp=0x0000001d6d2fcfc8 mode 2
Event: 21.570 Thread 0x0000013c4a26d800 Uncommon trap: trap_request=0xffffffde fr.pc=0x0000013c5c5e8f20 relative=0x0000000000001ac0
Event: 21.570 Thread 0x0000013c4a26d800 Uncommon trap: reason=class_check action=maybe_recompile pc=0x0000013c5c5e8f20 method=java.util.zip.InflaterInputStream.read([BII)I @ 78 c2
Event: 21.570 Thread 0x0000013c4a26d800 DEOPT PACKING pc=0x0000013c5c5e8f20 sp=0x0000001d6d2f9d30
Event: 21.570 Thread 0x0000013c4a26d800 DEOPT UNPACKING pc=0x0000013c5bfa46a2 sp=0x0000001d6d2f9d90 mode 2
Event: 21.570 Thread 0x0000013c4a26d800 Uncommon trap: trap_request=0xffffffde fr.pc=0x0000013c5c5e8f20 relative=0x0000000000001ac0
Event: 21.570 Thread 0x0000013c4a26d800 Uncommon trap: reason=class_check action=maybe_recompile pc=0x0000013c5c5e8f20 method=java.util.zip.InflaterInputStream.read([BII)I @ 78 c2
Event: 21.570 Thread 0x0000013c4a26d800 DEOPT PACKING pc=0x0000013c5c5e8f20 sp=0x0000001d6d2f9d30
Event: 21.570 Thread 0x0000013c4a26d800 DEOPT UNPACKING pc=0x0000013c5bfa46a2 sp=0x0000001d6d2f9d90 mode 2

Classes loaded (20 events):
Event: 21.571 Loading class java/lang/ProcessBuilder
Event: 21.572 Loading class java/lang/ProcessBuilder done
Event: 21.572 Loading class java/lang/ProcessImpl
Event: 21.573 Loading class java/lang/ProcessImpl done
Event: 21.579 Loading class java/lang/ProcessImpl$2
Event: 21.579 Loading class java/lang/ProcessImpl$2 done
Event: 21.579 Loading class java/lang/Process$PipeInputStream
Event: 21.580 Loading class java/lang/Process$PipeInputStream done
Event: 21.580 Loading class jdk/internal/event/ProcessStartEvent
Event: 21.580 Loading class jdk/internal/event/ProcessStartEvent done
Event: 21.580 Loading class jdk/internal/logger/LazyLoggers
Event: 21.581 Loading class jdk/internal/logger/LazyLoggers done
Event: 21.581 Loading class jdk/internal/logger/LazyLoggers$1
Event: 21.581 Loading class jdk/internal/logger/LazyLoggers$1 done
Event: 21.581 Loading class jdk/internal/logger/LazyLoggers$LazyLoggerFactories
Event: 21.582 Loading class jdk/internal/logger/LazyLoggers$LazyLoggerFactories done
Event: 21.583 Loading class jdk/internal/logger/LoggerFinderLoader
Event: 21.584 Loading class jdk/internal/logger/LoggerFinderLoader done
Event: 21.585 Loading class sun/util/logging/internal/LoggingProviderImpl$JULWrapper
Event: 21.586 Loading class sun/util/logging/internal/LoggingProviderImpl$JULWrapper done

Classes unloaded (0 events):
No events

Classes redefined (0 events):
No events

Internal exceptions (20 events):
Event: 19.919 Thread 0x0000013c4a26d800 Exception <a 'java/lang/NoSuchMethodError'{0x0000000085e67730}: 'java.lang.Object java.lang.invoke.DirectMethodHandle$Holder.newInvokeSpecial(java.lang.Object, java.lang.Object, java.lang.Object, java.lang.Object, java.lang.Object, java.lang.Object, java.lang.Object, java.lang.Object)'> (0x0000000085e67730) 
thrown [s\open\src\hotspot\share\interpreter\linkResolver.cpp, line 773]
Event: 20.098 Thread 0x0000013c4a26d800 Exception <a 'java/lang/NoSuchMethodError'{0x0000000085673d18}: 'java.lang.Object java.lang.invoke.DirectMethodHandle$Holder.invokeVirtual(java.lang.Object, java.lang.Object, java.lang.Object, java.lang.Object, java.lang.Object, java.lang.Object, java.lang.Object)'> (0x0000000085673d18) 
thrown [s\open\src\hotspot\share\interpreter\linkResolver.cpp, line 773]
Event: 20.153 Thread 0x0000013c4a26d800 Exception <a 'java/lang/IncompatibleClassChangeError'{0x000000008543c9e8}: Found class java.lang.Object, but interface was expected> (0x000000008543c9e8) 
thrown [s\open\src\hotspot\share\interpreter\linkResolver.cpp, line 840]
Event: 20.327 Thread 0x0000013c4a26d800 Exception <a 'java/lang/NoSuchMethodError'{0x0000000084c0eda0}: 'java.lang.Object java.lang.invoke.DirectMethodHandle$Holder.invokeVirtual(java.lang.Object, java.lang.Object, int)'> (0x0000000084c0eda0) 
thrown [s\open\src\hotspot\share\interpreter\linkResolver.cpp, line 773]
Event: 20.418 Thread 0x0000013c4a26d800 Exception <a 'java/lang/NoSuchMethodError'{0x000000008a322768}: 'java.lang.Object java.lang.invoke.DirectMethodHandle$Holder.invokeVirtual(java.lang.Object, java.lang.Object, java.lang.Object, java.lang.Object, java.lang.Object, java.lang.Object, java.lang.Object, java.lang.Object)'> (0x000000008a322768) 
thrown [s\open\src\hotspot\share\interpreter\linkResolver.cpp, line 773]
Event: 20.621 Thread 0x0000013c4a26d800 Exception <a 'java/lang/NoSuchMethodError'{0x0000000087766370}: 'void java.lang.invoke.DirectMethodHandle$Holder.invokeVirtual(java.lang.Object, java.lang.Object, long)'> (0x0000000087766370) 
thrown [s\open\src\hotspot\share\interpreter\linkResolver.cpp, line 773]
Event: 20.835 Thread 0x0000013c4a26d800 Exception <a 'java/lang/IncompatibleClassChangeError'{0x00000000859a6118}: Found class java.lang.Object, but interface was expected> (0x00000000859a6118) 
thrown [s\open\src\hotspot\share\interpreter\linkResolver.cpp, line 840]
Event: 21.024 Thread 0x0000013c4a26d800 Exception <a 'java/lang/NoSuchMethodError'{0x00000000855e65b0}: 'java.lang.Object java.lang.invoke.DirectMethodHandle$Holder.invokeVirtual(java.lang.Object, java.lang.Object, java.lang.Object, java.lang.Object, java.lang.Object, java.lang.Object, java.lang.Object, java.lang.Object, java.lang.Object)'> (0x00000000855e65b0) 
thrown [s\open\src\hotspot\share\interpreter\linkResolver.cpp, line 773]
Event: 21.128 Thread 0x0000013c4a26d800 Exception <a 'java/lang/NoSuchMethodError'{0x00000000852a9c30}: 'java.lang.Object java.lang.invoke.DirectMethodHandle$Holder.invokeVirtual(java.lang.Object, java.lang.Object, java.lang.Object, java.lang.Object, java.lang.Object, java.lang.Object, java.lang.Object, java.lang.Object, java.lang.Object, java.lang.Object)'> (0x00000000852a9c30) 
thrown [s\open\src\hotspot\share\interpreter\linkResolver.cpp, line 773]
Event: 21.194 Thread 0x0000013c4a26d800 Implicit null exception at 0x0000013c5c67358b to 0x0000013c5c6737fc
Event: 21.478 Thread 0x0000013c4a26d800 Exception <a 'java/lang/NoSuchMethodError'{0x00000000878f5ad0}: 'java.lang.Object java.lang.invoke.DirectMethodHandle$Holder.newInvokeSpecial(java.lang.Object, java.lang.Object, int, java.lang.Object, java.lang.Object)'> (0x00000000878f5ad0) 
thrown [s\open\src\hotspot\share\interpreter\linkResolver.cpp, line 773]
Event: 21.479 Thread 0x0000013c4a26d800 Exception <a 'java/lang/NoSuchMethodError'{0x00000000877014b0}: 'java.lang.Object java.lang.invoke.DirectMethodHandle$Holder.invokeSpecial(java.lang.Object, java.lang.Object, int, java.lang.Object, int, java.lang.Object)'> (0x00000000877014b0) 
thrown [s\open\src\hotspot\share\interpreter\linkResolver.cpp, line 773]
Event: 21.480 Thread 0x0000013c4a26d800 Exception <a 'java/lang/NoSuchMethodError'{0x0000000087708a70}: 'java.lang.Object java.lang.invoke.DirectMethodHandle$Holder.newInvokeSpecial(java.lang.Object, java.lang.Object, int, java.lang.Object, int)'> (0x0000000087708a70) 
thrown [s\open\src\hotspot\share\interpreter\linkResolver.cpp, line 773]
Event: 21.480 Thread 0x0000013c4a26d800 Exception <a 'java/lang/NoSuchMethodError'{0x000000008770cdf8}: 'java.lang.Object java.lang.invoke.DirectMethodHandle$Holder.invokeSpecial(java.lang.Object, java.lang.Object, java.lang.Object, int, java.lang.Object, int)'> (0x000000008770cdf8) 
thrown [s\open\src\hotspot\share\interpreter\linkResolver.cpp, line 773]
Event: 21.531 Thread 0x0000013c4a26d800 Exception <a 'java/lang/NoSuchMethodError'{0x0000000085f64738}: 'java.lang.Object java.lang.invoke.DirectMethodHandle$Holder.newInvokeSpecial(java.lang.Object, java.lang.Object, java.lang.Object, java.lang.Object, int)'> (0x0000000085f64738) 
thrown [s\open\src\hotspot\share\interpreter\linkResolver.cpp, line 773]
Event: 21.531 Thread 0x0000013c4a26d800 Exception <a 'java/lang/NoSuchMethodError'{0x0000000085f68950}: 'java.lang.Object java.lang.invoke.DirectMethodHandle$Holder.invokeSpecial(java.lang.Object, java.lang.Object, java.lang.Object, java.lang.Object, java.lang.Object, int)'> (0x0000000085f68950) 
thrown [s\open\src\hotspot\share\interpreter\linkResolver.cpp, line 773]
Event: 21.531 Thread 0x0000013c4a26d800 Exception <a 'java/lang/NoSuchMethodError'{0x0000000085f6c428}: 'java.lang.Object java.lang.invoke.Invokers$Holder.linkToTargetMethod(java.lang.Object, java.lang.Object, java.lang.Object, int, java.lang.Object)'> (0x0000000085f6c428) 
thrown [s\open\src\hotspot\share\interpreter\linkResolver.cpp, line 773]
Event: 21.559 Thread 0x0000013c4a26d800 Exception <a 'java/lang/NoSuchMethodError'{0x0000000085e47a00}: method resolution failed> (0x0000000085e47a00) 
thrown [s\open\src\hotspot\share\prims\methodHandles.cpp, line 1144]
Event: 21.565 Thread 0x0000013c4a26d800 Exception <a 'java/lang/NoSuchMethodError'{0x0000000085e78b10}: 'long java.lang.invoke.DelegatingMethodHandle$Holder.reinvoke_L(java.lang.Object, java.lang.Object)'> (0x0000000085e78b10) 
thrown [s\open\src\hotspot\share\interpreter\linkResolver.cpp, line 773]
Event: 21.579 Thread 0x0000013c4a26d800 Exception <a 'java/lang/NoSuchMethodError'{0x0000000085e9ffd8}: 'void java.lang.invoke.DirectMethodHandle$Holder.invokeStatic(java.lang.Object, long)'> (0x0000000085e9ffd8) 
thrown [s\open\src\hotspot\share\interpreter\linkResolver.cpp, line 773]

ZGC Phase Switch (0 events):
No events

VM Operations (20 events):
Event: 20.396 Executing VM operation: G1CollectForAllocation (G1 Evacuation Pause)
Event: 20.409 Executing VM operation: G1CollectForAllocation (G1 Evacuation Pause) done
Event: 20.465 Executing VM operation: HandshakeAllThreads (Deoptimize)
Event: 20.465 Executing VM operation: HandshakeAllThreads (Deoptimize) done
Event: 20.605 Executing VM operation: HandshakeAllThreads (Deoptimize)
Event: 20.605 Executing VM operation: HandshakeAllThreads (Deoptimize) done
Event: 20.663 Executing VM operation: HandshakeAllThreads (Deoptimize)
Event: 20.663 Executing VM operation: HandshakeAllThreads (Deoptimize) done
Event: 20.775 Executing VM operation: HandshakeAllThreads (Deoptimize)
Event: 20.775 Executing VM operation: HandshakeAllThreads (Deoptimize) done
Event: 20.776 Executing VM operation: HandshakeAllThreads (Deoptimize)
Event: 20.776 Executing VM operation: HandshakeAllThreads (Deoptimize) done
Event: 21.257 Executing VM operation: G1CollectForAllocation (G1 Evacuation Pause)
Event: 21.274 Executing VM operation: G1CollectForAllocation (G1 Evacuation Pause) done
Event: 21.310 Executing VM operation: G1PauseRemark
Event: 21.321 Executing VM operation: G1PauseRemark done
Event: 21.335 Executing VM operation: G1PauseCleanup
Event: 21.335 Executing VM operation: G1PauseCleanup done
Event: 21.375 Executing VM operation: HandshakeAllThreads (Deoptimize)
Event: 21.375 Executing VM operation: HandshakeAllThreads (Deoptimize) done

Events (20 events):
Event: 21.320 Thread 0x0000013c4a251770 flushing nmethod 0x0000013c5c762b90
Event: 21.320 Thread 0x0000013c4a251770 flushing nmethod 0x0000013c5c707410
Event: 21.320 Thread 0x0000013c4a251770 flushing nmethod 0x0000013c5c6d6590
Event: 21.320 Thread 0x0000013c4a251770 flushing nmethod 0x0000013c5c6b4f10
Event: 21.320 Thread 0x0000013c4a251770 flushing nmethod 0x0000013c5c687710
Event: 21.320 Thread 0x0000013c4a251770 flushing nmethod 0x0000013c5c6a0e10
Event: 21.320 Thread 0x0000013c4a251770 flushing nmethod 0x0000013c5c68b090
Event: 21.320 Thread 0x0000013c4a251770 flushing nmethod 0x0000013c5c650390
Event: 21.320 Thread 0x0000013c4a251770 flushing nmethod 0x0000013c5c622b10
Event: 21.320 Thread 0x0000013c4a251770 flushing nmethod 0x0000013c5c602f90
Event: 21.320 Thread 0x0000013c4a251770 flushing nmethod 0x0000013c5c5dc310
Event: 21.320 Thread 0x0000013c4a251770 flushing nmethod 0x0000013c5c5da410
Event: 21.320 Thread 0x0000013c4a251770 flushing nmethod 0x0000013c5c5d4210
Event: 21.320 Thread 0x0000013c4a251770 flushing nmethod 0x0000013c5c5cf910
Event: 21.320 Thread 0x0000013c4a251770 flushing nmethod 0x0000013c5c5adc90
Event: 21.320 Thread 0x0000013c4a251770 flushing nmethod 0x0000013c5c593410
Event: 21.320 Thread 0x0000013c4a251770 flushing nmethod 0x0000013c5c56c490
Event: 21.320 Thread 0x0000013c4a251770 flushing nmethod 0x0000013c5c550f10
Event: 21.320 Thread 0x0000013c4a251770 flushing nmethod 0x0000013c5c543290
Event: 21.320 Thread 0x0000013c4a251770 flushing nmethod 0x0000013c5c54fe10


Dynamic libraries:
0x00007ff66b880000 - 0x00007ff66b88e000 	C:\Users\ACER\.jdks\openjdk-21.0.1\bin\java.exe
0x00007ffd61530000 - 0x00007ffd61747000 	C:\WINDOWS\SYSTEM32\ntdll.dll
0x00007ffd60d10000 - 0x00007ffd60dd4000 	C:\WINDOWS\System32\KERNEL32.DLL
0x00007ffd5eee0000 - 0x00007ffd5f286000 	C:\WINDOWS\System32\KERNELBASE.dll
0x00007ffd5e930000 - 0x00007ffd5ea41000 	C:\WINDOWS\System32\ucrtbase.dll
0x00007ffd39ce0000 - 0x00007ffd39cfb000 	C:\Users\ACER\.jdks\openjdk-21.0.1\bin\VCRUNTIME140.dll
0x00007ffd47d00000 - 0x00007ffd47d18000 	C:\Users\ACER\.jdks\openjdk-21.0.1\bin\jli.dll
0x00007ffd607d0000 - 0x00007ffd6097d000 	C:\WINDOWS\System32\USER32.dll
0x00007ffd5eb70000 - 0x00007ffd5eb96000 	C:\WINDOWS\System32\win32u.dll
0x00007ffd49e50000 - 0x00007ffd4a0e3000 	C:\WINDOWS\WinSxS\amd64_microsoft.windows.common-controls_6595b64144ccf1df_6.0.22621.2361_none_2712ced57382f843\COMCTL32.dll
0x00007ffd60250000 - 0x00007ffd60279000 	C:\WINDOWS\System32\GDI32.dll
0x00007ffd5fcb0000 - 0x00007ffd5fd57000 	C:\WINDOWS\System32\msvcrt.dll
0x00007ffd5ea50000 - 0x00007ffd5eb68000 	C:\WINDOWS\System32\gdi32full.dll
0x00007ffd5ee40000 - 0x00007ffd5eeda000 	C:\WINDOWS\System32\msvcp_win.dll
0x00007ffd60980000 - 0x00007ffd609b1000 	C:\WINDOWS\System32\IMM32.DLL
0x00007ffd58480000 - 0x00007ffd5848c000 	C:\Users\ACER\.jdks\openjdk-21.0.1\bin\vcruntime140_1.dll
0x00007ffd268c0000 - 0x00007ffd2694e000 	C:\Users\ACER\.jdks\openjdk-21.0.1\bin\msvcp140.dll
0x00007ffcd0be0000 - 0x00007ffcd18f5000 	C:\Users\ACER\.jdks\openjdk-21.0.1\bin\server\jvm.dll
0x00007ffd60700000 - 0x00007ffd607b0000 	C:\WINDOWS\System32\ADVAPI32.dll
0x00007ffd609c0000 - 0x00007ffd60a66000 	C:\WINDOWS\System32\sechost.dll
0x00007ffd612c0000 - 0x00007ffd613d7000 	C:\WINDOWS\System32\RPCRT4.dll
0x00007ffd60430000 - 0x00007ffd604a1000 	C:\WINDOWS\System32\WS2_32.dll
0x00007ffd5e1b0000 - 0x00007ffd5e1fd000 	C:\WINDOWS\SYSTEM32\POWRPROF.dll
0x00007ffd58010000 - 0x00007ffd58044000 	C:\WINDOWS\SYSTEM32\WINMM.dll
0x00007ffd58560000 - 0x00007ffd5856a000 	C:\WINDOWS\SYSTEM32\VERSION.dll
0x00007ffd5e0d0000 - 0x00007ffd5e0e3000 	C:\WINDOWS\SYSTEM32\UMPDC.dll
0x00007ffd5d850000 - 0x00007ffd5d868000 	C:\WINDOWS\SYSTEM32\kernel.appcore.dll
0x00007ffd4cad0000 - 0x00007ffd4cada000 	C:\Users\ACER\.jdks\openjdk-21.0.1\bin\jimage.dll
0x00007ffd4e3b0000 - 0x00007ffd4e5de000 	C:\WINDOWS\SYSTEM32\DBGHELP.DLL
0x00007ffd5fe70000 - 0x00007ffd601fa000 	C:\WINDOWS\System32\combase.dll
0x00007ffd60290000 - 0x00007ffd60367000 	C:\WINDOWS\System32\OLEAUT32.dll
0x00007ffd451a0000 - 0x00007ffd451d2000 	C:\WINDOWS\SYSTEM32\dbgcore.DLL
0x00007ffd5e8b0000 - 0x00007ffd5e92a000 	C:\WINDOWS\System32\bcryptPrimitives.dll
0x00007ffd39cc0000 - 0x00007ffd39cdf000 	C:\Users\ACER\.jdks\openjdk-21.0.1\bin\java.dll
0x00007ffd5f450000 - 0x00007ffd5fca8000 	C:\WINDOWS\System32\SHELL32.dll
0x00007ffd5c7c0000 - 0x00007ffd5d0b2000 	C:\WINDOWS\SYSTEM32\windows.storage.dll
0x00007ffd5c680000 - 0x00007ffd5c7be000 	C:\WINDOWS\SYSTEM32\wintypes.dll
0x00007ffd60c10000 - 0x00007ffd60d03000 	C:\WINDOWS\System32\SHCORE.dll
0x00007ffd5fe10000 - 0x00007ffd5fe6e000 	C:\WINDOWS\System32\shlwapi.dll
0x00007ffd5e7e0000 - 0x00007ffd5e806000 	C:\WINDOWS\SYSTEM32\profapi.dll
0x00007ffd225b0000 - 0x00007ffd22687000 	C:\Users\ACER\.jdks\openjdk-21.0.1\bin\jsvml.dll
0x00007ffd4aad0000 - 0x00007ffd4aae0000 	C:\Users\ACER\.jdks\openjdk-21.0.1\bin\net.dll
0x00007ffd581e0000 - 0x00007ffd58317000 	C:\WINDOWS\SYSTEM32\WINHTTP.dll
0x00007ffd5dd20000 - 0x00007ffd5dd89000 	C:\WINDOWS\system32\mswsock.dll
0x00007ffd38910000 - 0x00007ffd38926000 	C:\Users\ACER\.jdks\openjdk-21.0.1\bin\nio.dll
0x00007ffd38880000 - 0x00007ffd38898000 	C:\Users\ACER\.jdks\openjdk-21.0.1\bin\zip.dll
0x00007ffd5bb80000 - 0x00007ffd5bb8a000 	C:\Users\ACER\.jdks\openjdk-21.0.1\bin\management.dll
0x00007ffd59f90000 - 0x00007ffd59f9b000 	C:\Users\ACER\.jdks\openjdk-21.0.1\bin\management_ext.dll
0x00007ffd60370000 - 0x00007ffd60378000 	C:\WINDOWS\System32\PSAPI.DLL
0x00007ffd5e030000 - 0x00007ffd5e04b000 	C:\WINDOWS\SYSTEM32\CRYPTSP.dll
0x00007ffd5d810000 - 0x00007ffd5d845000 	C:\WINDOWS\system32\rsaenh.dll
0x00007ffd5ddc0000 - 0x00007ffd5ddec000 	C:\WINDOWS\SYSTEM32\USERENV.dll
0x00007ffd5e270000 - 0x00007ffd5e298000 	C:\WINDOWS\SYSTEM32\bcrypt.dll
0x00007ffd5df20000 - 0x00007ffd5df2c000 	C:\WINDOWS\SYSTEM32\CRYPTBASE.dll
0x00007ffd5d320000 - 0x00007ffd5d34d000 	C:\WINDOWS\SYSTEM32\IPHLPAPI.DLL
0x00007ffd60400000 - 0x00007ffd60409000 	C:\WINDOWS\System32\NSI.dll
0x00007ffd4a8d0000 - 0x00007ffd4a8e0000 	C:\Users\ACER\.jdks\openjdk-21.0.1\bin\verify.dll
0x00007ffd5d390000 - 0x00007ffd5d489000 	C:\WINDOWS\SYSTEM32\DNSAPI.dll
0x00007ffd555f0000 - 0x00007ffd555fa000 	C:\Windows\System32\rasadhlp.dll
0x00007ffd57040000 - 0x00007ffd570c4000 	C:\WINDOWS\System32\fwpuclnt.dll
0x00007ffd584b0000 - 0x00007ffd584b7000 	C:\Users\ACER\.jdks\openjdk-21.0.1\bin\extnet.dll
0x00007ffd5bbb0000 - 0x00007ffd5bbbf000 	C:\Users\ACER\.jdks\openjdk-21.0.1\bin\instrument.dll

dbghelp: loaded successfully - version: 4.0.5 - missing functions: none
symbol engine: initialized successfully - sym options: 0x614 - pdb path: .;C:\Users\ACER\.jdks\openjdk-21.0.1\bin;C:\WINDOWS\SYSTEM32;C:\WINDOWS\WinSxS\amd64_microsoft.windows.common-controls_6595b64144ccf1df_6.0.22621.2361_none_2712ced57382f843;C:\Users\ACER\.jdks\openjdk-21.0.1\bin\server

VM Arguments:
java_command: C:\Users\ACER\AppData\Local\Temp\surefire7602220479682682513\surefirebooter-20231122110350253_3.jar C:\Users\ACER\AppData\Local\Temp\surefire7602220479682682513 2023-11-22T11-03-50_047-jvmRun1 surefire-20231122110350253_1tmp surefire_0-20231122110350253_2tmp
java_class_path (initial): C:\Users\ACER\AppData\Local\Temp\surefire7602220479682682513\surefirebooter-20231122110350253_3.jar
Launcher Type: SUN_STANDARD

[Global flags]
     intx CICompilerCount                          = 4                                         {product} {ergonomic}
     uint ConcGCThreads                            = 2                                         {product} {ergonomic}
     uint G1ConcRefinementThreads                  = 8                                         {product} {ergonomic}
   size_t G1HeapRegionSize                         = 1048576                                   {product} {ergonomic}
    uintx GCDrainStackTargetSize                   = 64                                        {product} {ergonomic}
   size_t InitialHeapSize                          = 132120576                                 {product} {ergonomic}
   size_t MarkStackSize                            = 4194304                                   {product} {ergonomic}
   size_t MaxHeapSize                              = 2107637760                                {product} {ergonomic}
   size_t MaxNewSize                               = 1264582656                                {product} {ergonomic}
   size_t MinHeapDeltaBytes                        = 1048576                                   {product} {ergonomic}
   size_t MinHeapSize                              = 8388608                                   {product} {ergonomic}
    uintx NonNMethodCodeHeapSize                   = 5839372                                {pd product} {ergonomic}
    uintx NonProfiledCodeHeapSize                  = 122909434                              {pd product} {ergonomic}
    uintx ProfiledCodeHeapSize                     = 122909434                              {pd product} {ergonomic}
    uintx ReservedCodeCacheSize                    = 251658240                              {pd product} {ergonomic}
     bool SegmentedCodeCache                       = true                                      {product} {ergonomic}
   size_t SoftMaxHeapSize                          = 2107637760                             {manageable} {ergonomic}
     bool UseCompressedOops                        = true                           {product lp64_product} {ergonomic}
     bool UseG1GC                                  = true                                      {product} {ergonomic}
     bool UseLargePagesIndividualAllocation        = false                                  {pd product} {ergonomic}

Logging:
Log output configuration:
 #0: stdout all=warning uptime,level,tags foldmultilines=false
 #1: stderr all=off uptime,level,tags foldmultilines=false

Environment Variables:
PATH=C:\Program Files (x86)\Common Files\Oracle\Java\javapath;D:\Users\ACER\AppData\Local\java\jdk-11.0.1\bin;C:\Program Files\Python311\Scripts\;C:\Program Files\Python311\;C:\WINDOWS\system32;C:\WINDOWS;C:\WINDOWS\System32\Wbem;C:\WINDOWS\System32\WindowsPowerShell\v1.0\;C:\WINDOWS\System32\OpenSSH\;C:\Program Files (x86)\NVIDIA Corporation\PhysX\Common;C:\Program Files\NVIDIA Corporation\NVIDIA NvDLISR;C:\Program Files\Git\cmd;C:\Program Files (x86)\Microsoft SQL Server\160\Tools\Binn\;C:\Program Files\Microsoft SQL Server\160\Tools\Binn\;C:\Program Files\Microsoft SQL Server\Client SDK\ODBC\170\Tools\Binn\;C:\Program Files\Microsoft SQL Server\160\DTS\Binn\;C:\Program Files\MongoDB\Server\6.0\bin;C:\Program Files\nodejs\;C:\Program Files (x86)\Yarn\bin;D:\Users\ACER\AppData\Local\Android\Sdk\platform-tools;D:\Downloads\apache-maven-3.9.5-bin\apache-maven-3.9.5\bin;D:\Downloads\jakartaee-migration-1.0.7-bin\jakartaee-migration-1.0.7\bin;C:\Program Files\Docker\Docker\resources\bin;C:\Users\ACER\AppData\Local\Microsoft\WindowsApps;C:\Users\ACER\AppData\Local\Programs\Microsoft VS Code\bin;C:\Program Files\Azure Data Studio\bin;C:\Users\ACER\AppData\Local\GitHubDesktop\bin;C:\Users\ACER\AppData\Roaming\npm;C:\Program Files (x86)\Yarn\bin;;C:\Program Files\JetBrains\IntelliJ IDEA Educational Edition 2022.2.2\bin;;D:\IntelliJ IDEA Community Edition 2023.2.2\bin;;D:\Downloads\IntelliJ IDEA 2023.2.2\bin;
USERNAME=ACER
OS=Windows_NT
PROCESSOR_IDENTIFIER=Intel64 Family 6 Model 158 Stepping 10, GenuineIntel
TMP=C:\Users\ACER\AppData\Local\Temp
TEMP=C:\Users\ACER\AppData\Local\Temp




Periodic native trim disabled

---------------  S Y S T E M  ---------------

OS:
 Windows 11 , 64 bit Build 22621 (10.0.22621.2428)
OS uptime: 6 days 2:04 hours
Hyper-V role detected

CPU: total 8 (initial active 8) (4 cores per cpu, 2 threads per core) family 6 model 158 stepping 10 microcode 0xde, cx8, cmov, fxsr, ht, mmx, 3dnowpref, sse, sse2, sse3, ssse3, sse4.1, sse4.2, popcnt, lzcnt, tsc, tscinvbit, avx, avx2, aes, erms, clmul, bmi1, bmi2, adx, fma, vzeroupper, clflush, clflushopt, hv, rdtscp, f16c
Processor Information for all 8 processors :
  Max Mhz: 2304, Current Mhz: 2304, Mhz Limit: 2304

Memory: 4k page, system-wide physical 8034M (414M free)
TotalPageFile size 16226M (AvailPageFile size 230M)
current process WorkingSet (physical memory assigned to process): 278M, peak: 282M
current process commit charge ("private bytes"): 316M, peak: 321M

vm_info: OpenJDK 64-Bit Server VM (21.0.1+12-29) for windows-amd64 JRE (21.0.1+12-29), built on 2023-10-05T13:27:09Z by "mach5one" with MS VC++ 17.1 (VS2022)

END.
